14:42:17 **** Build of configuration Debug for project que1.c ****
make -j12 all 
arm-none-eabi-gcc -mcpu=cortex-m4 -g3 -DDEBUG -c -x assembler-with-cpp -MMD -MP -MF"Startup/startup_stm32f407vgtx.d" -MT"Startup/startup_stm32f407vgtx.o" --specs=nano.specs -mfpu=fpv4-sp-d16 -mfloat-abi=hard -mthumb -o "Startup/startup_stm32f407vgtx.o" "../Startup/startup_stm32f407vgtx.s"
arm-none-eabi-gcc "../Src/main.c" -mcpu=cortex-m4 -std=gnu11 -g3 -DDEBUG -DSTM32 -DSTM32F407G_DISC1 -DSTM32F4 -DSTM32F407VGTx -c -I../Inc -O0 -ffunction-sections -fdata-sections -Wall -fstack-usage -fcyclomatic-complexity -MMD -MP -MF"Src/main.d" -MT"Src/main.o" --specs=nano.specs -mfpu=fpv4-sp-d16 -mfloat-abi=hard -mthumb -o "Src/main.o"
arm-none-eabi-gcc "../Src/syscalls.c" -mcpu=cortex-m4 -std=gnu11 -g3 -DDEBUG -DSTM32 -DSTM32F407G_DISC1 -DSTM32F4 -DSTM32F407VGTx -c -I../Inc -O0 -ffunction-sections -fdata-sections -Wall -fstack-usage -fcyclomatic-complexity -MMD -MP -MF"Src/syscalls.d" -MT"Src/syscalls.o" --specs=nano.specs -mfpu=fpv4-sp-d16 -mfloat-abi=hard -mthumb -o "Src/syscalls.o"
arm-none-eabi-gcc "../Src/sysmem.c" -mcpu=cortex-m4 -std=gnu11 -g3 -DDEBUG -DSTM32 -DSTM32F407G_DISC1 -DSTM32F4 -DSTM32F407VGTx -c -I../Inc -O0 -ffunction-sections -fdata-sections -Wall -fstack-usage -fcyclomatic-complexity -MMD -MP -MF"Src/sysmem.d" -MT"Src/sysmem.o" --specs=nano.specs -mfpu=fpv4-sp-d16 -mfloat-abi=hard -mthumb -o "Src/sysmem.o"
../Src/main.c:28:4: warning: #warning "FPU is not initialized, but the project is compiling for an FPU. Please initialize the FPU before use." [-Wcpp]
   28 |   #warning "FPU is not initialized, but the project is compiling for an FPU. Please initialize the FPU before use."
      |    ^~~~~~~
../Src/main.c: In function 'led_off':
../Src/main.c:69:31: error: expected ')' before ';' token
   69 |         GPIOD->ODR &= ~(BV(12);
      |                        ~      ^
../Src/main.c:69:32: error: expected ';' before '}' token
   69 |         GPIOD->ODR &= ~(BV(12);
      |                                ^
      |                                ;
   70 | }
      | ~                               
make: *** [Src/subdir.mk:25: Src/main.o] Error 1
make: *** Waiting for unfinished jobs....
"make -j12 all" terminated with exit code 2. Build might be incomplete.
14:45:57 **** Incremental Build of configuration Debug for project que1.c ****
make -j12 all 
arm-none-eabi-gcc "../Src/main.c" -mcpu=cortex-m4 -std=gnu11 -g3 -DDEBUG -DSTM32 -DSTM32F407G_DISC1 -DSTM32F4 -DSTM32F407VGTx -c -I../Inc -O0 -ffunction-sections -fdata-sections -Wall -fstack-usage -fcyclomatic-complexity -MMD -MP -MF"Src/main.d" -MT"Src/main.o" --specs=nano.specs -mfpu=fpv4-sp-d16 -mfloat-abi=hard -mthumb -o "Src/main.o"
../Src/main.c:28:4: warning: #warning "FPU is not initialized, but the project is compiling for an FPU. Please initialize the FPU before use." [-Wcpp]
   28 |   #warning "FPU is not initialized, but the project is compiling for an FPU. Please initialize the FPU before use."
      |    ^~~~~~~
../Src/main.c: In function 'led_off':
../Src/main.c:69:31: error: expected ')' before ';' token
   69 |         GPIOD->ODR &= ~(BV(12);
      |                        ~      ^
../Src/main.c:69:32: error: expected ';' before '}' token
   69 |         GPIOD->ODR &= ~(BV(12);
      |                                ^
      |                                ;
   70 | }
      | ~                               
make: *** [Src/subdir.mk:25: Src/main.o] Error 1
"make -j12 all" terminated with exit code 2. Build might be incomplete.
14:47:20 **** Incremental Build of configuration Debug for project que1.c ****
make -j12 all 
arm-none-eabi-gcc "../Src/main.c" -mcpu=cortex-m4 -std=gnu11 -g3 -DDEBUG -DSTM32 -DSTM32F407G_DISC1 -DSTM32F4 -DSTM32F407VGTx -c -I../Inc -O0 -ffunction-sections -fdata-sections -Wall -fstack-usage -fcyclomatic-complexity -MMD -MP -MF"Src/main.d" -MT"Src/main.o" --specs=nano.specs -mfpu=fpv4-sp-d16 -mfloat-abi=hard -mthumb -o "Src/main.o"
../Src/main.c:28:4: warning: #warning "FPU is not initialized, but the project is compiling for an FPU. Please initialize the FPU before use." [-Wcpp]
   28 |   #warning "FPU is not initialized, but the project is compiling for an FPU. Please initialize the FPU before use."
      |    ^~~~~~~
arm-none-eabi-gcc -o "que1.c.elf" @"objects.list"   -mcpu=cortex-m4 -T"C:\Users\sanket mirage\OneDrive\Desktop\Intenshipdata\ARM_94088_SAKSHI\Assignment3\que1.c\STM32F407VGTX_FLASH.ld" --specs=nosys.specs -Wl,-Map="que1.c.map" -Wl,--gc-sections -static --specs=nano.specs -mfpu=fpv4-sp-d16 -mfloat-abi=hard -mthumb -Wl,--start-group -lc -lm -Wl,--end-group
C:/ST/STM32CubeIDE_1.19.0/STM32CubeIDE/plugins/com.st.stm32cube.ide.mcu.externaltools.gnu-tools-for-stm32.13.3.rel1.win32_1.0.0.202411081344/tools/bin/../lib/gcc/arm-none-eabi/13.3.1/../../../../arm-none-eabi/bin/ld.exe: ./Src/main.o: in function `DelayMs':
C:/Users/sanket mirage/OneDrive/Desktop/Intenshipdata/ARM_94088_SAKSHI/Assignment3/que1.c/Debug/../Inc/system_stm32f4xx.h:133:(.text.DelayMs+0x48): undefined reference to `SystemCoreClock'
collect2.exe: error: ld returned 1 exit status
make: *** [makefile:63: que1.c.elf] Error 1
"make -j12 all" terminated with exit code 2. Build might be incomplete.
14:47:49 **** Incremental Build of configuration Debug for project que1.c ****
make -j12 all 
arm-none-eabi-gcc "../Src/main.c" -mcpu=cortex-m4 -std=gnu11 -g3 -DDEBUG -DSTM32 -DSTM32F407G_DISC1 -DSTM32F4 -DSTM32F407VGTx -c -I../Inc -O0 -ffunction-sections -fdata-sections -Wall -fstack-usage -fcyclomatic-complexity -MMD -MP -MF"Src/main.d" -MT"Src/main.o" --specs=nano.specs -mfpu=fpv4-sp-d16 -mfloat-abi=hard -mthumb -o "Src/main.o"
../Src/main.c:28:4: warning: #warning "FPU is not initialized, but the project is compiling for an FPU. Please initialize the FPU before use." [-Wcpp]
   28 |   #warning "FPU is not initialized, but the project is compiling for an FPU. Please initialize the FPU before use."
      |    ^~~~~~~
arm-none-eabi-gcc -o "que1.c.elf" @"objects.list"   -mcpu=cortex-m4 -T"C:\Users\sanket mirage\OneDrive\Desktop\Intenshipdata\ARM_94088_SAKSHI\Assignment3\que1.c\STM32F407VGTX_FLASH.ld" --specs=nosys.specs -Wl,-Map="que1.c.map" -Wl,--gc-sections -static --specs=nano.specs -mfpu=fpv4-sp-d16 -mfloat-abi=hard -mthumb -Wl,--start-group -lc -lm -Wl,--end-group
C:/ST/STM32CubeIDE_1.19.0/STM32CubeIDE/plugins/com.st.stm32cube.ide.mcu.externaltools.gnu-tools-for-stm32.13.3.rel1.win32_1.0.0.202411081344/tools/bin/../lib/gcc/arm-none-eabi/13.3.1/../../../../arm-none-eabi/bin/ld.exe: ./Src/main.o: in function `DelayMs':
C:/Users/sanket mirage/OneDrive/Desktop/Intenshipdata/ARM_94088_SAKSHI/Assignment3/que1.c/Debug/../Inc/system_stm32f4xx.h:133:(.text.DelayMs+0x48): undefined reference to `SystemCoreClock'
collect2.exe: error: ld returned 1 exit status
make: *** [makefile:63: que1.c.elf] Error 1
"make -j12 all" terminated with exit code 2. Build might be incomplete.
14:48:38 **** Incremental Build of configuration Debug for project que1.c ****
make -j12 all 
arm-none-eabi-gcc "../Src/main.c" -mcpu=cortex-m4 -std=gnu11 -g3 -DDEBUG -DSTM32 -DSTM32F407G_DISC1 -DSTM32F4 -DSTM32F407VGTx -c -I../Inc -O0 -ffunction-sections -fdata-sections -Wall -fstack-usage -fcyclomatic-complexity -MMD -MP -MF"Src/main.d" -MT"Src/main.o" --specs=nano.specs -mfpu=fpv4-sp-d16 -mfloat-abi=hard -mthumb -o "Src/main.o"
../Src/main.c:28:4: warning: #warning "FPU is not initialized, but the project is compiling for an FPU. Please initialize the FPU before use." [-Wcpp]
   28 |   #warning "FPU is not initialized, but the project is compiling for an FPU. Please initialize the FPU before use."
      |    ^~~~~~~
arm-none-eabi-gcc -o "que1.c.elf" @"objects.list"   -mcpu=cortex-m4 -T"C:\Users\sanket mirage\OneDrive\Desktop\Intenshipdata\ARM_94088_SAKSHI\Assignment3\que1.c\STM32F407VGTX_FLASH.ld" --specs=nosys.specs -Wl,-Map="que1.c.map" -Wl,--gc-sections -static --specs=nano.specs -mfpu=fpv4-sp-d16 -mfloat-abi=hard -mthumb -Wl,--start-group -lc -lm -Wl,--end-group
C:/ST/STM32CubeIDE_1.19.0/STM32CubeIDE/plugins/com.st.stm32cube.ide.mcu.externaltools.gnu-tools-for-stm32.13.3.rel1.win32_1.0.0.202411081344/tools/bin/../lib/gcc/arm-none-eabi/13.3.1/../../../../arm-none-eabi/bin/ld.exe: ./Src/main.o: in function `DelayMs':
C:/Users/sanket mirage/OneDrive/Desktop/Intenshipdata/ARM_94088_SAKSHI/Assignment3/que1.c/Debug/../Inc/system_stm32f4xx.h:133:(.text.DelayMs+0x48): undefined reference to `SystemCoreClock'
collect2.exe: error: ld returned 1 exit status
make: *** [makefile:63: que1.c.elf] Error 1
"make -j12 all" terminated with exit code 2. Build might be incomplete.
14:48:53 **** Incremental Build of configuration Debug for project que1.c ****
make -j12 all 
arm-none-eabi-gcc "../Src/main.c" -mcpu=cortex-m4 -std=gnu11 -g3 -DDEBUG -DSTM32 -DSTM32F407G_DISC1 -DSTM32F4 -DSTM32F407VGTx -c -I../Inc -O0 -ffunction-sections -fdata-sections -Wall -fstack-usage -fcyclomatic-complexity -MMD -MP -MF"Src/main.d" -MT"Src/main.o" --specs=nano.specs -mfpu=fpv4-sp-d16 -mfloat-abi=hard -mthumb -o "Src/main.o"
../Src/main.c:28:4: warning: #warning "FPU is not initialized, but the project is compiling for an FPU. Please initialize the FPU before use." [-Wcpp]
   28 |   #warning "FPU is not initialized, but the project is compiling for an FPU. Please initialize the FPU before use."
      |    ^~~~~~~
../Src/main.c: In function 'led_init':
../Src/main.c:25:25: error: expected ')' before ';' token
   25 | #define BV(n) (1 << (n));
      |                         ^
../Src/main.c:52:27: note: in expansion of macro 'BV'
   52 |         GPIOD->MODER &= ~(BV(25) );
      |                           ^~
../Src/main.c:52:26: note: to match this '('
   52 |         GPIOD->MODER &= ~(BV(25) );
      |                          ^
../Src/main.c:25:25: error: expected ')' before ';' token
   25 | #define BV(n) (1 << (n));
      |                         ^
../Src/main.c:55:28: note: in expansion of macro 'BV'
   55 |         GPIOD->OTYPER &= ~(BV(12) );
      |                            ^~
../Src/main.c:55:27: note: to match this '('
   55 |         GPIOD->OTYPER &= ~(BV(12) );
      |                           ^
../Src/main.c:25:25: error: expected ')' before ';' token
   25 | #define BV(n) (1 << (n));
      |                         ^
../Src/main.c:57:29: note: in expansion of macro 'BV'
   57 |         GPIOD->OSPEEDR &= ~(BV(25));
      |                             ^~
../Src/main.c:57:28: note: to match this '('
   57 |         GPIOD->OSPEEDR &= ~(BV(25));
      |                            ^
../Src/main.c:25:25: error: expected ')' before ';' token
   25 | #define BV(n) (1 << (n));
      |                         ^
../Src/main.c:58:29: note: in expansion of macro 'BV'
   58 |         GPIOD->OSPEEDR &= ~(BV(24)) ;
      |                             ^~
../Src/main.c:58:28: note: to match this '('
   58 |         GPIOD->OSPEEDR &= ~(BV(24)) ;
      |                            ^
../Src/main.c:25:25: error: expected ')' before ';' token
   25 | #define BV(n) (1 << (n));
      |                         ^
../Src/main.c:60:27: note: in expansion of macro 'BV'
   60 |         GPIOD->PUPDR &= ~(BV(25) );
      |                           ^~
../Src/main.c:60:26: note: to match this '('
   60 |         GPIOD->PUPDR &= ~(BV(25) );
      |                          ^
../Src/main.c:25:25: error: expected ')' before ';' token
   25 | #define BV(n) (1 << (n));
      |                         ^
../Src/main.c:61:27: note: in expansion of macro 'BV'
   61 |         GPIOD->PUPDR &= ~(BV(24) );
      |                           ^~
../Src/main.c:61:26: note: to match this '('
   61 |         GPIOD->PUPDR &= ~(BV(24) );
      |                          ^
../Src/main.c: In function 'led_on':
../Src/main.c:25:25: error: expected ')' before ';' token
   25 | #define BV(n) (1 << (n));
      |                         ^
../Src/main.c:65:24: note: in expansion of macro 'BV'
   65 |         GPIOD->ODR |= (BV(12));
      |                        ^~
../Src/main.c:65:23: note: to match this '('
   65 |         GPIOD->ODR |= (BV(12));
      |                       ^
../Src/main.c: In function 'led_off':
../Src/main.c:25:25: error: expected ')' before ';' token
   25 | #define BV(n) (1 << (n));
      |                         ^
../Src/main.c:69:25: note: in expansion of macro 'BV'
   69 |         GPIOD->ODR &= ~(BV(12));
      |                         ^~
../Src/main.c:69:24: note: to match this '('
   69 |         GPIOD->ODR &= ~(BV(12));
      |                        ^
make: *** [Src/subdir.mk:25: Src/main.o] Error 1
"make -j12 all" terminated with exit code 2. Build might be incomplete.
14:49:02 **** Incremental Build of configuration Debug for project que1.c ****
make -j12 all 
arm-none-eabi-gcc "../Src/main.c" -mcpu=cortex-m4 -std=gnu11 -g3 -DDEBUG -DSTM32 -DSTM32F407G_DISC1 -DSTM32F4 -DSTM32F407VGTx -c -I../Inc -O0 -ffunction-sections -fdata-sections -Wall -fstack-usage -fcyclomatic-complexity -MMD -MP -MF"Src/main.d" -MT"Src/main.o" --specs=nano.specs -mfpu=fpv4-sp-d16 -mfloat-abi=hard -mthumb -o "Src/main.o"
../Src/main.c:28:4: warning: #warning "FPU is not initialized, but the project is compiling for an FPU. Please initialize the FPU before use." [-Wcpp]
   28 |   #warning "FPU is not initialized, but the project is compiling for an FPU. Please initialize the FPU before use."
      |    ^~~~~~~
arm-none-eabi-gcc -o "que1.c.elf" @"objects.list"   -mcpu=cortex-m4 -T"C:\Users\sanket mirage\OneDrive\Desktop\Intenshipdata\ARM_94088_SAKSHI\Assignment3\que1.c\STM32F407VGTX_FLASH.ld" --specs=nosys.specs -Wl,-Map="que1.c.map" -Wl,--gc-sections -static --specs=nano.specs -mfpu=fpv4-sp-d16 -mfloat-abi=hard -mthumb -Wl,--start-group -lc -lm -Wl,--end-group
C:/ST/STM32CubeIDE_1.19.0/STM32CubeIDE/plugins/com.st.stm32cube.ide.mcu.externaltools.gnu-tools-for-stm32.13.3.rel1.win32_1.0.0.202411081344/tools/bin/../lib/gcc/arm-none-eabi/13.3.1/../../../../arm-none-eabi/bin/ld.exe: ./Src/main.o: in function `DelayMs':
C:/Users/sanket mirage/OneDrive/Desktop/Intenshipdata/ARM_94088_SAKSHI/Assignment3/que1.c/Debug/../Inc/system_stm32f4xx.h:133:(.text.DelayMs+0x48): undefined reference to `SystemCoreClock'
collect2.exe: error: ld returned 1 exit status
make: *** [makefile:63: que1.c.elf] Error 1
"make -j12 all" terminated with exit code 2. Build might be incomplete.
14:51:38 **** Incremental Build of configuration Debug for project que1.c ****
make -j12 all 
arm-none-eabi-gcc "../Src/main.c" -mcpu=cortex-m4 -std=gnu11 -g3 -DDEBUG -DSTM32 -DSTM32F407G_DISC1 -DSTM32F4 -DSTM32F407VGTx -c -I../Inc -O0 -ffunction-sections -fdata-sections -Wall -fstack-usage -fcyclomatic-complexity -MMD -MP -MF"Src/main.d" -MT"Src/main.o" --specs=nano.specs -mfpu=fpv4-sp-d16 -mfloat-abi=hard -mthumb -o "Src/main.o"
../Src/main.c:28:4: warning: #warning "FPU is not initialized, but the project is compiling for an FPU. Please initialize the FPU before use." [-Wcpp]
   28 |   #warning "FPU is not initialized, but the project is compiling for an FPU. Please initialize the FPU before use."
      |    ^~~~~~~
arm-none-eabi-gcc -o "que1.c.elf" @"objects.list"   -mcpu=cortex-m4 -T"C:\Users\sanket mirage\OneDrive\Desktop\Intenshipdata\ARM_94088_SAKSHI\Assignment3\que1.c\STM32F407VGTX_FLASH.ld" --specs=nosys.specs -Wl,-Map="que1.c.map" -Wl,--gc-sections -static --specs=nano.specs -mfpu=fpv4-sp-d16 -mfloat-abi=hard -mthumb -Wl,--start-group -lc -lm -Wl,--end-group
C:/ST/STM32CubeIDE_1.19.0/STM32CubeIDE/plugins/com.st.stm32cube.ide.mcu.externaltools.gnu-tools-for-stm32.13.3.rel1.win32_1.0.0.202411081344/tools/bin/../lib/gcc/arm-none-eabi/13.3.1/../../../../arm-none-eabi/bin/ld.exe: ./Src/main.o: in function `DelayMs':
C:/Users/sanket mirage/OneDrive/Desktop/Intenshipdata/ARM_94088_SAKSHI/Assignment3/que1.c/Debug/../Inc/system_stm32f4xx.h:133:(.text.DelayMs+0x48): undefined reference to `SystemCoreClock'
collect2.exe: error: ld returned 1 exit status
make: *** [makefile:63: que1.c.elf] Error 1
"make -j12 all" terminated with exit code 2. Build might be incomplete.
14:54:14 **** Incremental Build of configuration Debug for project que1.c ****
make -j12 all 
arm-none-eabi-gcc "../Src/main.c" -mcpu=cortex-m4 -std=gnu11 -g3 -DDEBUG -DSTM32 -DSTM32F407G_DISC1 -DSTM32F4 -DSTM32F407VGTx -c -I../Inc -O0 -ffunction-sections -fdata-sections -Wall -fstack-usage -fcyclomatic-complexity -MMD -MP -MF"Src/main.d" -MT"Src/main.o" --specs=nano.specs -mfpu=fpv4-sp-d16 -mfloat-abi=hard -mthumb -o "Src/main.o"
../Src/main.c:27:4: warning: #warning "FPU is not initialized, but the project is compiling for an FPU. Please initialize the FPU before use." [-Wcpp]
   27 |   #warning "FPU is not initialized, but the project is compiling for an FPU. Please initialize the FPU before use."
      |    ^~~~~~~
arm-none-eabi-gcc -o "que1.c.elf" @"objects.list"   -mcpu=cortex-m4 -T"C:\Users\sanket mirage\OneDrive\Desktop\Intenshipdata\ARM_94088_SAKSHI\Assignment3\que1.c\STM32F407VGTX_FLASH.ld" --specs=nosys.specs -Wl,-Map="que1.c.map" -Wl,--gc-sections -static --specs=nano.specs -mfpu=fpv4-sp-d16 -mfloat-abi=hard -mthumb -Wl,--start-group -lc -lm -Wl,--end-group
C:/ST/STM32CubeIDE_1.19.0/STM32CubeIDE/plugins/com.st.stm32cube.ide.mcu.externaltools.gnu-tools-for-stm32.13.3.rel1.win32_1.0.0.202411081344/tools/bin/../lib/gcc/arm-none-eabi/13.3.1/../../../../arm-none-eabi/bin/ld.exe: ./Src/main.o: in function `DelayMs':
C:/Users/sanket mirage/OneDrive/Desktop/Intenshipdata/ARM_94088_SAKSHI/Assignment3/que1.c/Debug/../Inc/system_stm32f4xx.h:133:(.text.DelayMs+0x48): undefined reference to `SystemCoreClock'
collect2.exe: error: ld returned 1 exit status
make: *** [makefile:63: que1.c.elf] Error 1
"make -j12 all" terminated with exit code 2. Build might be incomplete.
14:55:46 **** Incremental Build of configuration Debug for project que1.c ****
make -j12 all 
arm-none-eabi-gcc "../Src/main.c" -mcpu=cortex-m4 -std=gnu11 -g3 -DDEBUG -DSTM32 -DSTM32F407G_DISC1 -DSTM32F4 -DSTM32F407VGTx -c -I../Inc -O0 -ffunction-sections -fdata-sections -Wall -fstack-usage -fcyclomatic-complexity -MMD -MP -MF"Src/main.d" -MT"Src/main.o" --specs=nano.specs -mfpu=fpv4-sp-d16 -mfloat-abi=hard -mthumb -o "Src/main.o"
../Src/main.c:27:4: warning: #warning "FPU is not initialized, but the project is compiling for an FPU. Please initialize the FPU before use." [-Wcpp]
   27 |   #warning "FPU is not initialized, but the project is compiling for an FPU. Please initialize the FPU before use."
      |    ^~~~~~~
arm-none-eabi-gcc -o "que1.c.elf" @"objects.list"   -mcpu=cortex-m4 -T"C:\Users\sanket mirage\OneDrive\Desktop\Intenshipdata\ARM_94088_SAKSHI\Assignment3\que1.c\STM32F407VGTX_FLASH.ld" --specs=nosys.specs -Wl,-Map="que1.c.map" -Wl,--gc-sections -static --specs=nano.specs -mfpu=fpv4-sp-d16 -mfloat-abi=hard -mthumb -Wl,--start-group -lc -lm -Wl,--end-group
C:/ST/STM32CubeIDE_1.19.0/STM32CubeIDE/plugins/com.st.stm32cube.ide.mcu.externaltools.gnu-tools-for-stm32.13.3.rel1.win32_1.0.0.202411081344/tools/bin/../lib/gcc/arm-none-eabi/13.3.1/../../../../arm-none-eabi/bin/ld.exe: ./Src/main.o: in function `DelayMs':
C:/Users/sanket mirage/OneDrive/Desktop/Intenshipdata/ARM_94088_SAKSHI/Assignment3/que1.c/Debug/../Inc/system_stm32f4xx.h:133:(.text.DelayMs+0x48): undefined reference to `SystemCoreClock'
collect2.exe: error: ld returned 1 exit status
make: *** [makefile:63: que1.c.elf] Error 1
"make -j12 all" terminated with exit code 2. Build might be incomplete.
14:57:56 **** Incremental Build of configuration Debug for project que1.c ****
make -j12 all 
arm-none-eabi-gcc "../Src/main.c" -mcpu=cortex-m4 -std=gnu11 -g3 -DDEBUG -DSTM32 -DSTM32F407G_DISC1 -DSTM32F4 -DSTM32F407VGTx -c -I../Inc -O0 -ffunction-sections -fdata-sections -Wall -fstack-usage -fcyclomatic-complexity -MMD -MP -MF"Src/main.d" -MT"Src/main.o" --specs=nano.specs -mfpu=fpv4-sp-d16 -mfloat-abi=hard -mthumb -o "Src/main.o"
../Src/main.c:27:4: warning: #warning "FPU is not initialized, but the project is compiling for an FPU. Please initialize the FPU before use." [-Wcpp]
   27 |   #warning "FPU is not initialized, but the project is compiling for an FPU. Please initialize the FPU before use."
      |    ^~~~~~~
arm-none-eabi-gcc -o "que1.c.elf" @"objects.list"   -mcpu=cortex-m4 -T"C:\Users\sanket mirage\OneDrive\Desktop\Intenshipdata\ARM_94088_SAKSHI\Assignment3\que1.c\STM32F407VGTX_FLASH.ld" --specs=nosys.specs -Wl,-Map="que1.c.map" -Wl,--gc-sections -static --specs=nano.specs -mfpu=fpv4-sp-d16 -mfloat-abi=hard -mthumb -Wl,--start-group -lc -lm -Wl,--end-group
C:/ST/STM32CubeIDE_1.19.0/STM32CubeIDE/plugins/com.st.stm32cube.ide.mcu.externaltools.gnu-tools-for-stm32.13.3.rel1.win32_1.0.0.202411081344/tools/bin/../lib/gcc/arm-none-eabi/13.3.1/../../../../arm-none-eabi/bin/ld.exe: ./Src/main.o: in function `DelayMs':
C:/Users/sanket mirage/OneDrive/Desktop/Intenshipdata/ARM_94088_SAKSHI/Assignment3/que1.c/Debug/../Inc/system_stm32f4xx.h:133:(.text.DelayMs+0x48): undefined reference to `SystemCoreClock'
collect2.exe: error: ld returned 1 exit status
make: *** [makefile:63: que1.c.elf] Error 1
"make -j12 all" terminated with exit code 2. Build might be incomplete.
15:01:21 **** Build of configuration Debug for project que1.c ****
make -j12 all 
arm-none-eabi-gcc -mcpu=cortex-m4 -g3 -DDEBUG -c -x assembler-with-cpp -MMD -MP -MF"Startup/startup_stm32f407vgtx.d" -MT"Startup/startup_stm32f407vgtx.o" --specs=nano.specs -mfpu=fpv4-sp-d16 -mfloat-abi=hard -mthumb -o "Startup/startup_stm32f407vgtx.o" "../Startup/startup_stm32f407vgtx.s"
arm-none-eabi-gcc "../Src/main.c" -mcpu=cortex-m4 -std=gnu11 -g3 -DDEBUG -DSTM32 -DSTM32F407G_DISC1 -DSTM32F4 -DSTM32F407VGTx -c -I../Inc -O0 -ffunction-sections -fdata-sections -Wall -fstack-usage -fcyclomatic-complexity -MMD -MP -MF"Src/main.d" -MT"Src/main.o" --specs=nano.specs -mfpu=fpv4-sp-d16 -mfloat-abi=hard -mthumb -o "Src/main.o"
../Src/main.c:28:4: warning: #warning "FPU is not initialized, but the project is compiling for an FPU. Please initialize the FPU before use." [-Wcpp]
   28 |   #warning "FPU is not initialized, but the project is compiling for an FPU. Please initialize the FPU before use."
      |    ^~~~~~~
arm-none-eabi-gcc -o "que1.c.elf" @"objects.list"   -mcpu=cortex-m4 -T"C:\Users\sanket mirage\OneDrive\Desktop\Intenshipdata\ARM_94088_SAKSHI\Assignment3\que1.c\STM32F407VGTX_FLASH.ld" --specs=nosys.specs -Wl,-Map="que1.c.map" -Wl,--gc-sections -static --specs=nano.specs -mfpu=fpv4-sp-d16 -mfloat-abi=hard -mthumb -Wl,--start-group -lc -lm -Wl,--end-group
C:/ST/STM32CubeIDE_1.19.0/STM32CubeIDE/plugins/com.st.stm32cube.ide.mcu.externaltools.gnu-tools-for-stm32.13.3.rel1.win32_1.0.0.202411081344/tools/bin/../lib/gcc/arm-none-eabi/13.3.1/../../../../arm-none-eabi/bin/ld.exe: ./Src/main.o: in function `DelayMs':
C:/Users/sanket mirage/OneDrive/Desktop/Intenshipdata/ARM_94088_SAKSHI/Assignment3/que1.c/Debug/../Inc/system_stm32f4xx.h:133:(.text.DelayMs+0x48): undefined reference to `SystemCoreClock'
collect2.exe: error: ld returned 1 exit status
make: *** [makefile:63: que1.c.elf] Error 1
"make -j12 all" terminated with exit code 2. Build might be incomplete.
15:02:03 **** Incremental Build of configuration Debug for project que1.c ****
make -j12 all 
arm-none-eabi-gcc -o "que1.c.elf" @"objects.list"   -mcpu=cortex-m4 -T"C:\Users\sanket mirage\OneDrive\Desktop\Intenshipdata\ARM_94088_SAKSHI\Assignment3\que1.c\STM32F407VGTX_FLASH.ld" --specs=nosys.specs -Wl,-Map="que1.c.map" -Wl,--gc-sections -static --specs=nano.specs -mfpu=fpv4-sp-d16 -mfloat-abi=hard -mthumb -Wl,--start-group -lc -lm -Wl,--end-group
C:/ST/STM32CubeIDE_1.19.0/STM32CubeIDE/plugins/com.st.stm32cube.ide.mcu.externaltools.gnu-tools-for-stm32.13.3.rel1.win32_1.0.0.202411081344/tools/bin/../lib/gcc/arm-none-eabi/13.3.1/../../../../arm-none-eabi/bin/ld.exe: ./Src/main.o: in function `DelayMs':
C:/Users/sanket mirage/OneDrive/Desktop/Intenshipdata/ARM_94088_SAKSHI/Assignment3/que1.c/Debug/../Inc/system_stm32f4xx.h:133:(.text.DelayMs+0x48): undefined reference to `SystemCoreClock'
collect2.exe: error: ld returned 1 exit status
make: *** [makefile:63: que1.c.elf] Error 1
"make -j12 all" terminated with exit code 2. Build might be incomplete.
15:02:39 **** Incremental Build of configuration Debug for project que1.c ****
make -j12 all 
arm-none-eabi-gcc -o "que1.c.elf" @"objects.list"   -mcpu=cortex-m4 -T"C:\Users\sanket mirage\OneDrive\Desktop\Intenshipdata\ARM_94088_SAKSHI\Assignment3\que1.c\STM32F407VGTX_FLASH.ld" --specs=nosys.specs -Wl,-Map="que1.c.map" -Wl,--gc-sections -static --specs=nano.specs -mfpu=fpv4-sp-d16 -mfloat-abi=hard -mthumb -Wl,--start-group -lc -lm -Wl,--end-group
C:/ST/STM32CubeIDE_1.19.0/STM32CubeIDE/plugins/com.st.stm32cube.ide.mcu.externaltools.gnu-tools-for-stm32.13.3.rel1.win32_1.0.0.202411081344/tools/bin/../lib/gcc/arm-none-eabi/13.3.1/../../../../arm-none-eabi/bin/ld.exe: ./Src/main.o: in function `DelayMs':
C:/Users/sanket mirage/OneDrive/Desktop/Intenshipdata/ARM_94088_SAKSHI/Assignment3/que1.c/Debug/../Inc/system_stm32f4xx.h:133:(.text.DelayMs+0x48): undefined reference to `SystemCoreClock'
collect2.exe: error: ld returned 1 exit status
make: *** [makefile:63: que1.c.elf] Error 1
"make -j12 all" terminated with exit code 2. Build might be incomplete.
15:05:36 **** Build of configuration Debug for project quetion1 ****
make -j12 all 
arm-none-eabi-gcc -mcpu=cortex-m4 -g3 -DDEBUG -c -x assembler-with-cpp -MMD -MP -MF"Startup/startup_stm32f407vgtx.d" -MT"Startup/startup_stm32f407vgtx.o" --specs=nano.specs -mfpu=fpv4-sp-d16 -mfloat-abi=hard -mthumb -o "Startup/startup_stm32f407vgtx.o" "../Startup/startup_stm32f407vgtx.s"
arm-none-eabi-gcc "../Src/main.c" -mcpu=cortex-m4 -std=gnu11 -g3 -DDEBUG -DSTM32 -DSTM32F407G_DISC1 -DSTM32F4 -DSTM32F407VGTx -c -I../Inc -O0 -ffunction-sections -fdata-sections -Wall -fstack-usage -fcyclomatic-complexity -MMD -MP -MF"Src/main.d" -MT"Src/main.o" --specs=nano.specs -mfpu=fpv4-sp-d16 -mfloat-abi=hard -mthumb -o "Src/main.o"
arm-none-eabi-gcc "../Src/syscalls.c" -mcpu=cortex-m4 -std=gnu11 -g3 -DDEBUG -DSTM32 -DSTM32F407G_DISC1 -DSTM32F4 -DSTM32F407VGTx -c -I../Inc -O0 -ffunction-sections -fdata-sections -Wall -fstack-usage -fcyclomatic-complexity -MMD -MP -MF"Src/syscalls.d" -MT"Src/syscalls.o" --specs=nano.specs -mfpu=fpv4-sp-d16 -mfloat-abi=hard -mthumb -o "Src/syscalls.o"
arm-none-eabi-gcc "../Src/sysmem.c" -mcpu=cortex-m4 -std=gnu11 -g3 -DDEBUG -DSTM32 -DSTM32F407G_DISC1 -DSTM32F4 -DSTM32F407VGTx -c -I../Inc -O0 -ffunction-sections -fdata-sections -Wall -fstack-usage -fcyclomatic-complexity -MMD -MP -MF"Src/sysmem.d" -MT"Src/sysmem.o" --specs=nano.specs -mfpu=fpv4-sp-d16 -mfloat-abi=hard -mthumb -o "Src/sysmem.o"
../Src/main.c:22:9: fatal error: stm32f407xx.h: No such file or directory
   22 | #include"stm32f407xx.h"
      |         ^~~~~~~~~~~~~~~
compilation terminated.
make: *** [Src/subdir.mk:25: Src/main.o] Error 1
make: *** Waiting for unfinished jobs....
"make -j12 all" terminated with exit code 2. Build might be incomplete.
15:06:04 **** Incremental Build of configuration Debug for project quetion1 ****
make -j12 all 
arm-none-eabi-gcc "../Src/main.c" -mcpu=cortex-m4 -std=gnu11 -g3 -DDEBUG -DSTM32 -DSTM32F407G_DISC1 -DSTM32F4 -DSTM32F407VGTx -c -I../Inc -O0 -ffunction-sections -fdata-sections -Wall -fstack-usage -fcyclomatic-complexity -MMD -MP -MF"Src/main.d" -MT"Src/main.o" --specs=nano.specs -mfpu=fpv4-sp-d16 -mfloat-abi=hard -mthumb -o "Src/main.o"
../Src/main.c:27:4: warning: #warning "FPU is not initialized, but the project is compiling for an FPU. Please initialize the FPU before use." [-Wcpp]
   27 |   #warning "FPU is not initialized, but the project is compiling for an FPU. Please initialize the FPU before use."
      |    ^~~~~~~
arm-none-eabi-gcc -o "quetion1.elf" @"objects.list"   -mcpu=cortex-m4 -T"C:\Users\sanket mirage\OneDrive\Desktop\Intenshipdata\ARM_94088_SAKSHI\Assignment3\quetion1\STM32F407VGTX_FLASH.ld" --specs=nosys.specs -Wl,-Map="quetion1.map" -Wl,--gc-sections -static --specs=nano.specs -mfpu=fpv4-sp-d16 -mfloat-abi=hard -mthumb -Wl,--start-group -lc -lm -Wl,--end-group
C:/ST/STM32CubeIDE_1.19.0/STM32CubeIDE/plugins/com.st.stm32cube.ide.mcu.externaltools.gnu-tools-for-stm32.13.3.rel1.win32_1.0.0.202411081344/tools/bin/../lib/gcc/arm-none-eabi/13.3.1/../../../../arm-none-eabi/bin/ld.exe: ./Src/main.o: in function `DelayMs':
C:/Users/sanket mirage/OneDrive/Desktop/Intenshipdata/ARM_94088_SAKSHI/Assignment3/quetion1/Debug/../Inc/system_stm32f4xx.h:133:(.text.DelayMs+0x48): undefined reference to `SystemCoreClock'
collect2.exe: error: ld returned 1 exit status
make: *** [makefile:63: quetion1.elf] Error 1
"make -j12 all" terminated with exit code 2. Build might be incomplete.
15:08:51 **** Incremental Build of configuration Debug for project quetion1 ****
make -j12 all 
arm-none-eabi-gcc "../Src/itm.c" -mcpu=cortex-m4 -std=gnu11 -g3 -DDEBUG -DSTM32 -DSTM32F407G_DISC1 -DSTM32F4 -DSTM32F407VGTx -c -I../Inc -O0 -ffunction-sections -fdata-sections -Wall -fstack-usage -fcyclomatic-complexity -MMD -MP -MF"Src/itm.d" -MT"Src/itm.o" --specs=nano.specs -mfpu=fpv4-sp-d16 -mfloat-abi=hard -mthumb -o "Src/itm.o"
arm-none-eabi-gcc "../Src/main.c" -mcpu=cortex-m4 -std=gnu11 -g3 -DDEBUG -DSTM32 -DSTM32F407G_DISC1 -DSTM32F4 -DSTM32F407VGTx -c -I../Inc -O0 -ffunction-sections -fdata-sections -Wall -fstack-usage -fcyclomatic-complexity -MMD -MP -MF"Src/main.d" -MT"Src/main.o" --specs=nano.specs -mfpu=fpv4-sp-d16 -mfloat-abi=hard -mthumb -o "Src/main.o"
arm-none-eabi-gcc "../Src/syscalls.c" -mcpu=cortex-m4 -std=gnu11 -g3 -DDEBUG -DSTM32 -DSTM32F407G_DISC1 -DSTM32F4 -DSTM32F407VGTx -c -I../Inc -O0 -ffunction-sections -fdata-sections -Wall -fstack-usage -fcyclomatic-complexity -MMD -MP -MF"Src/syscalls.d" -MT"Src/syscalls.o" --specs=nano.specs -mfpu=fpv4-sp-d16 -mfloat-abi=hard -mthumb -o "Src/syscalls.o"
arm-none-eabi-gcc "../Src/sysmem.c" -mcpu=cortex-m4 -std=gnu11 -g3 -DDEBUG -DSTM32 -DSTM32F407G_DISC1 -DSTM32F4 -DSTM32F407VGTx -c -I../Inc -O0 -ffunction-sections -fdata-sections -Wall -fstack-usage -fcyclomatic-complexity -MMD -MP -MF"Src/sysmem.d" -MT"Src/sysmem.o" --specs=nano.specs -mfpu=fpv4-sp-d16 -mfloat-abi=hard -mthumb -o "Src/sysmem.o"
arm-none-eabi-gcc "../Src/system_stm32f4xx.c" -mcpu=cortex-m4 -std=gnu11 -g3 -DDEBUG -DSTM32 -DSTM32F407G_DISC1 -DSTM32F4 -DSTM32F407VGTx -c -I../Inc -O0 -ffunction-sections -fdata-sections -Wall -fstack-usage -fcyclomatic-complexity -MMD -MP -MF"Src/system_stm32f4xx.d" -MT"Src/system_stm32f4xx.o" --specs=nano.specs -mfpu=fpv4-sp-d16 -mfloat-abi=hard -mthumb -o "Src/system_stm32f4xx.o"
../Src/main.c:26:4: warning: #warning "FPU is not initialized, but the project is compiling for an FPU. Please initialize the FPU before use." [-Wcpp]
   26 |   #warning "FPU is not initialized, but the project is compiling for an FPU. Please initialize the FPU before use."
      |    ^~~~~~~
arm-none-eabi-gcc -o "quetion1.elf" @"objects.list"   -mcpu=cortex-m4 -T"C:\Users\sanket mirage\OneDrive\Desktop\Intenshipdata\ARM_94088_SAKSHI\Assignment3\quetion1\STM32F407VGTX_FLASH.ld" --specs=nosys.specs -Wl,-Map="quetion1.map" -Wl,--gc-sections -static --specs=nano.specs -mfpu=fpv4-sp-d16 -mfloat-abi=hard -mthumb -Wl,--start-group -lc -lm -Wl,--end-group
Finished building target: quetion1.elf
 
arm-none-eabi-size  quetion1.elf 
arm-none-eabi-objdump -h -S quetion1.elf  > "quetion1.list"
   text	   data	    bss	    dec	    hex	filename
   1072	      4	   1564	   2640	    a50	quetion1.elf
Finished building: default.size.stdout
 
Finished building: quetion1.list
 
15:09:22 **** Incremental Build of configuration Debug for project quetion1 ****
make -j12 all 
arm-none-eabi-gcc -mcpu=cortex-m4 -g3 -DDEBUG -c -x assembler-with-cpp -MMD -MP -MF"Startup/startup_stm32f407vgtx.d" -MT"Startup/startup_stm32f407vgtx.o" --specs=nano.specs -mfpu=fpv4-sp-d16 -mfloat-abi=soft -mthumb -o "Startup/startup_stm32f407vgtx.o" "../Startup/startup_stm32f407vgtx.s"
arm-none-eabi-gcc "../Src/itm.c" -mcpu=cortex-m4 -std=gnu11 -g3 -DDEBUG -DSTM32 -DSTM32F407G_DISC1 -DSTM32F4 -DSTM32F407VGTx -c -I../Inc -O0 -ffunction-sections -fdata-sections -Wall -fstack-usage -fcyclomatic-complexity -MMD -MP -MF"Src/itm.d" -MT"Src/itm.o" --specs=nano.specs -mfpu=fpv4-sp-d16 -mfloat-abi=soft -mthumb -o "Src/itm.o"
arm-none-eabi-gcc "../Src/main.c" -mcpu=cortex-m4 -std=gnu11 -g3 -DDEBUG -DSTM32 -DSTM32F407G_DISC1 -DSTM32F4 -DSTM32F407VGTx -c -I../Inc -O0 -ffunction-sections -fdata-sections -Wall -fstack-usage -fcyclomatic-complexity -MMD -MP -MF"Src/main.d" -MT"Src/main.o" --specs=nano.specs -mfpu=fpv4-sp-d16 -mfloat-abi=soft -mthumb -o "Src/main.o"
arm-none-eabi-gcc "../Src/syscalls.c" -mcpu=cortex-m4 -std=gnu11 -g3 -DDEBUG -DSTM32 -DSTM32F407G_DISC1 -DSTM32F4 -DSTM32F407VGTx -c -I../Inc -O0 -ffunction-sections -fdata-sections -Wall -fstack-usage -fcyclomatic-complexity -MMD -MP -MF"Src/syscalls.d" -MT"Src/syscalls.o" --specs=nano.specs -mfpu=fpv4-sp-d16 -mfloat-abi=soft -mthumb -o "Src/syscalls.o"
arm-none-eabi-gcc "../Src/sysmem.c" -mcpu=cortex-m4 -std=gnu11 -g3 -DDEBUG -DSTM32 -DSTM32F407G_DISC1 -DSTM32F4 -DSTM32F407VGTx -c -I../Inc -O0 -ffunction-sections -fdata-sections -Wall -fstack-usage -fcyclomatic-complexity -MMD -MP -MF"Src/sysmem.d" -MT"Src/sysmem.o" --specs=nano.specs -mfpu=fpv4-sp-d16 -mfloat-abi=soft -mthumb -o "Src/sysmem.o"
arm-none-eabi-gcc "../Src/system_stm32f4xx.c" -mcpu=cortex-m4 -std=gnu11 -g3 -DDEBUG -DSTM32 -DSTM32F407G_DISC1 -DSTM32F4 -DSTM32F407VGTx -c -I../Inc -O0 -ffunction-sections -fdata-sections -Wall -fstack-usage -fcyclomatic-complexity -MMD -MP -MF"Src/system_stm32f4xx.d" -MT"Src/system_stm32f4xx.o" --specs=nano.specs -mfpu=fpv4-sp-d16 -mfloat-abi=soft -mthumb -o "Src/system_stm32f4xx.o"
arm-none-eabi-gcc -o "quetion1.elf" @"objects.list"   -mcpu=cortex-m4 -T"C:\Users\sanket mirage\OneDrive\Desktop\Intenshipdata\ARM_94088_SAKSHI\Assignment3\quetion1\STM32F407VGTX_FLASH.ld" --specs=nosys.specs -Wl,-Map="quetion1.map" -Wl,--gc-sections -static --specs=nano.specs -mfpu=fpv4-sp-d16 -mfloat-abi=soft -mthumb -Wl,--start-group -lc -lm -Wl,--end-group
Finished building target: quetion1.elf
 
arm-none-eabi-size  quetion1.elf 
arm-none-eabi-objdump -h -S quetion1.elf  > "quetion1.list"
   text	   data	    bss	    dec	    hex	filename
   1040	      4	   1564	   2608	    a30	quetion1.elf
Finished building: default.size.stdout
 
Finished building: quetion1.list
 
15:11:09 **** Incremental Build of configuration Debug for project quetion1 ****
make -j12 all 
arm-none-eabi-gcc "../Src/main.c" -mcpu=cortex-m4 -std=gnu11 -g3 -DDEBUG -DSTM32 -DSTM32F407G_DISC1 -DSTM32F4 -DSTM32F407VGTx -c -I../Inc -O0 -ffunction-sections -fdata-sections -Wall -fstack-usage -fcyclomatic-complexity -MMD -MP -MF"Src/main.d" -MT"Src/main.o" --specs=nano.specs -mfpu=fpv4-sp-d16 -mfloat-abi=soft -mthumb -o "Src/main.o"
arm-none-eabi-gcc -o "quetion1.elf" @"objects.list"   -mcpu=cortex-m4 -T"C:\Users\sanket mirage\OneDrive\Desktop\Intenshipdata\ARM_94088_SAKSHI\Assignment3\quetion1\STM32F407VGTX_FLASH.ld" --specs=nosys.specs -Wl,-Map="quetion1.map" -Wl,--gc-sections -static --specs=nano.specs -mfpu=fpv4-sp-d16 -mfloat-abi=soft -mthumb -Wl,--start-group -lc -lm -Wl,--end-group
Finished building target: quetion1.elf
 
arm-none-eabi-size  quetion1.elf 
arm-none-eabi-objdump -h -S quetion1.elf  > "quetion1.list"
   text	   data	    bss	    dec	    hex	filename
   1040	      4	   1564	   2608	    a30	quetion1.elf
Finished building: default.size.stdout
 
Finished building: quetion1.list
 
15:11:45 **** Incremental Build of configuration Debug for project quetion1 ****
make -j12 all 
arm-none-eabi-size  quetion1.elf 
   text	   data	    bss	    dec	    hex	filename
   1040	      4	   1564	   2608	    a30	quetion1.elf
Finished building: default.size.stdout
 
15:23:04 **** Build of configuration Debug for project que2 ****
make -j12 all 
arm-none-eabi-gcc -mcpu=cortex-m4 -g3 -DDEBUG -c -x assembler-with-cpp -MMD -MP -MF"Startup/startup_stm32f407vgtx.d" -MT"Startup/startup_stm32f407vgtx.o" --specs=nano.specs -mfpu=fpv4-sp-d16 -mfloat-abi=hard -mthumb -o "Startup/startup_stm32f407vgtx.o" "../Startup/startup_stm32f407vgtx.s"
arm-none-eabi-gcc "../Src/itm.c" -mcpu=cortex-m4 -std=gnu11 -g3 -DDEBUG -DSTM32 -DSTM32F407G_DISC1 -DSTM32F4 -DSTM32F407VGTx -c -I../Inc -O0 -ffunction-sections -fdata-sections -Wall -fstack-usage -fcyclomatic-complexity -MMD -MP -MF"Src/itm.d" -MT"Src/itm.o" --specs=nano.specs -mfpu=fpv4-sp-d16 -mfloat-abi=hard -mthumb -o "Src/itm.o"
arm-none-eabi-gcc "../Src/main.c" -mcpu=cortex-m4 -std=gnu11 -g3 -DDEBUG -DSTM32 -DSTM32F407G_DISC1 -DSTM32F4 -DSTM32F407VGTx -c -I../Inc -O0 -ffunction-sections -fdata-sections -Wall -fstack-usage -fcyclomatic-complexity -MMD -MP -MF"Src/main.d" -MT"Src/main.o" --specs=nano.specs -mfpu=fpv4-sp-d16 -mfloat-abi=hard -mthumb -o "Src/main.o"
arm-none-eabi-gcc "../Src/syscalls.c" -mcpu=cortex-m4 -std=gnu11 -g3 -DDEBUG -DSTM32 -DSTM32F407G_DISC1 -DSTM32F4 -DSTM32F407VGTx -c -I../Inc -O0 -ffunction-sections -fdata-sections -Wall -fstack-usage -fcyclomatic-complexity -MMD -MP -MF"Src/syscalls.d" -MT"Src/syscalls.o" --specs=nano.specs -mfpu=fpv4-sp-d16 -mfloat-abi=hard -mthumb -o "Src/syscalls.o"
arm-none-eabi-gcc "../Src/sysmem.c" -mcpu=cortex-m4 -std=gnu11 -g3 -DDEBUG -DSTM32 -DSTM32F407G_DISC1 -DSTM32F4 -DSTM32F407VGTx -c -I../Inc -O0 -ffunction-sections -fdata-sections -Wall -fstack-usage -fcyclomatic-complexity -MMD -MP -MF"Src/sysmem.d" -MT"Src/sysmem.o" --specs=nano.specs -mfpu=fpv4-sp-d16 -mfloat-abi=hard -mthumb -o "Src/sysmem.o"
arm-none-eabi-gcc "../Src/system_stm32f4xx.c" -mcpu=cortex-m4 -std=gnu11 -g3 -DDEBUG -DSTM32 -DSTM32F407G_DISC1 -DSTM32F4 -DSTM32F407VGTx -c -I../Inc -O0 -ffunction-sections -fdata-sections -Wall -fstack-usage -fcyclomatic-complexity -MMD -MP -MF"Src/system_stm32f4xx.d" -MT"Src/system_stm32f4xx.o" --specs=nano.specs -mfpu=fpv4-sp-d16 -mfloat-abi=hard -mthumb -o "Src/system_stm32f4xx.o"
../Src/main.c:27:4: warning: #warning "FPU is not initialized, but the project is compiling for an FPU. Please initialize the FPU before use." [-Wcpp]
   27 |   #warning "FPU is not initialized, but the project is compiling for an FPU. Please initialize the FPU before use."
      |    ^~~~~~~
../Src/main.c: In function 'led_off':
../Src/main.c:24:15: error: called object is not a function or function pointer
   24 | #define BV(n) (1 << (n))
      |               ^
../Src/main.c:68:25: note: in expansion of macro 'BV'
   68 |         GPIOD->ODR &= ~(BV(13)  BV(15));
      |                         ^~
make: *** [Src/subdir.mk:31: Src/main.o] Error 1
make: *** Waiting for unfinished jobs....
"make -j12 all" terminated with exit code 2. Build might be incomplete.
15:23:05 **** Incremental Build of configuration Debug for project quetion1 ****
make -j12 all 
arm-none-eabi-size  quetion1.elf 
   text	   data	    bss	    dec	    hex	filename
   1040	      4	   1564	   2608	    a30	quetion1.elf
Finished building: default.size.stdout
 
15:23:26 **** Incremental Build of configuration Debug for project que2 ****
make -j12 all 
arm-none-eabi-gcc "../Src/main.c" -mcpu=cortex-m4 -std=gnu11 -g3 -DDEBUG -DSTM32 -DSTM32F407G_DISC1 -DSTM32F4 -DSTM32F407VGTx -c -I../Inc -O0 -ffunction-sections -fdata-sections -Wall -fstack-usage -fcyclomatic-complexity -MMD -MP -MF"Src/main.d" -MT"Src/main.o" --specs=nano.specs -mfpu=fpv4-sp-d16 -mfloat-abi=hard -mthumb -o "Src/main.o"
../Src/main.c:27:4: warning: #warning "FPU is not initialized, but the project is compiling for an FPU. Please initialize the FPU before use." [-Wcpp]
   27 |   #warning "FPU is not initialized, but the project is compiling for an FPU. Please initialize the FPU before use."
      |    ^~~~~~~
../Src/main.c: In function 'led_off':
../Src/main.c:24:15: error: called object is not a function or function pointer
   24 | #define BV(n) (1 << (n))
      |               ^
../Src/main.c:68:25: note: in expansion of macro 'BV'
   68 |         GPIOD->ODR &= ~(BV(13)  BV(15));
      |                         ^~
make: *** [Src/subdir.mk:31: Src/main.o] Error 1
"make -j12 all" terminated with exit code 2. Build might be incomplete.
15:23:53 **** Incremental Build of configuration Debug for project que2 ****
make -j12 all 
arm-none-eabi-gcc "../Src/main.c" -mcpu=cortex-m4 -std=gnu11 -g3 -DDEBUG -DSTM32 -DSTM32F407G_DISC1 -DSTM32F4 -DSTM32F407VGTx -c -I../Inc -O0 -ffunction-sections -fdata-sections -Wall -fstack-usage -fcyclomatic-complexity -MMD -MP -MF"Src/main.d" -MT"Src/main.o" --specs=nano.specs -mfpu=fpv4-sp-d16 -mfloat-abi=hard -mthumb -o "Src/main.o"
../Src/main.c:27:4: warning: #warning "FPU is not initialized, but the project is compiling for an FPU. Please initialize the FPU before use." [-Wcpp]
   27 |   #warning "FPU is not initialized, but the project is compiling for an FPU. Please initialize the FPU before use."
      |    ^~~~~~~
../Src/main.c: In function 'led_off':
../Src/main.c:24:15: error: called object is not a function or function pointer
   24 | #define BV(n) (1 << (n))
      |               ^
../Src/main.c:68:25: note: in expansion of macro 'BV'
   68 |         GPIOD->ODR &= ~(BV(13)  BV(15));
      |                         ^~
make: *** [Src/subdir.mk:31: Src/main.o] Error 1
"make -j12 all" terminated with exit code 2. Build might be incomplete.
15:23:53 **** Incremental Build of configuration Debug for project quetion1 ****
make -j12 all 
arm-none-eabi-size  quetion1.elf 
   text	   data	    bss	    dec	    hex	filename
   1040	      4	   1564	   2608	    a30	quetion1.elf
Finished building: default.size.stdout
 
15:24:38 **** Incremental Build of configuration Debug for project que2 ****
make -j12 all 
arm-none-eabi-gcc -mcpu=cortex-m4 -g3 -DDEBUG -c -x assembler-with-cpp -MMD -MP -MF"Startup/startup_stm32f407vgtx.d" -MT"Startup/startup_stm32f407vgtx.o" --specs=nano.specs -mfpu=fpv4-sp-d16 -mfloat-abi=soft -mthumb -o "Startup/startup_stm32f407vgtx.o" "../Startup/startup_stm32f407vgtx.s"
arm-none-eabi-gcc "../Src/itm.c" -mcpu=cortex-m4 -std=gnu11 -g3 -DDEBUG -DSTM32 -DSTM32F407G_DISC1 -DSTM32F4 -DSTM32F407VGTx -c -I../Inc -O0 -ffunction-sections -fdata-sections -Wall -fstack-usage -fcyclomatic-complexity -MMD -MP -MF"Src/itm.d" -MT"Src/itm.o" --specs=nano.specs -mfpu=fpv4-sp-d16 -mfloat-abi=soft -mthumb -o "Src/itm.o"
arm-none-eabi-gcc "../Src/main.c" -mcpu=cortex-m4 -std=gnu11 -g3 -DDEBUG -DSTM32 -DSTM32F407G_DISC1 -DSTM32F4 -DSTM32F407VGTx -c -I../Inc -O0 -ffunction-sections -fdata-sections -Wall -fstack-usage -fcyclomatic-complexity -MMD -MP -MF"Src/main.d" -MT"Src/main.o" --specs=nano.specs -mfpu=fpv4-sp-d16 -mfloat-abi=soft -mthumb -o "Src/main.o"
arm-none-eabi-gcc "../Src/syscalls.c" -mcpu=cortex-m4 -std=gnu11 -g3 -DDEBUG -DSTM32 -DSTM32F407G_DISC1 -DSTM32F4 -DSTM32F407VGTx -c -I../Inc -O0 -ffunction-sections -fdata-sections -Wall -fstack-usage -fcyclomatic-complexity -MMD -MP -MF"Src/syscalls.d" -MT"Src/syscalls.o" --specs=nano.specs -mfpu=fpv4-sp-d16 -mfloat-abi=soft -mthumb -o "Src/syscalls.o"
arm-none-eabi-gcc "../Src/sysmem.c" -mcpu=cortex-m4 -std=gnu11 -g3 -DDEBUG -DSTM32 -DSTM32F407G_DISC1 -DSTM32F4 -DSTM32F407VGTx -c -I../Inc -O0 -ffunction-sections -fdata-sections -Wall -fstack-usage -fcyclomatic-complexity -MMD -MP -MF"Src/sysmem.d" -MT"Src/sysmem.o" --specs=nano.specs -mfpu=fpv4-sp-d16 -mfloat-abi=soft -mthumb -o "Src/sysmem.o"
arm-none-eabi-gcc "../Src/system_stm32f4xx.c" -mcpu=cortex-m4 -std=gnu11 -g3 -DDEBUG -DSTM32 -DSTM32F407G_DISC1 -DSTM32F4 -DSTM32F407VGTx -c -I../Inc -O0 -ffunction-sections -fdata-sections -Wall -fstack-usage -fcyclomatic-complexity -MMD -MP -MF"Src/system_stm32f4xx.d" -MT"Src/system_stm32f4xx.o" --specs=nano.specs -mfpu=fpv4-sp-d16 -mfloat-abi=soft -mthumb -o "Src/system_stm32f4xx.o"
../Src/main.c: In function 'led_off':
../Src/main.c:24:15: error: called object is not a function or function pointer
   24 | #define BV(n) (1 << (n))
      |               ^
../Src/main.c:68:25: note: in expansion of macro 'BV'
   68 |         GPIOD->ODR &= ~(BV(13)  BV(15));
      |                         ^~
make: *** [Src/subdir.mk:31: Src/main.o] Error 1
make: *** Waiting for unfinished jobs....
"make -j12 all" terminated with exit code 2. Build might be incomplete.
15:24:38 **** Incremental Build of configuration Debug for project quetion1 ****
make -j12 all 
arm-none-eabi-size  quetion1.elf 
   text	   data	    bss	    dec	    hex	filename
   1040	      4	   1564	   2608	    a30	quetion1.elf
Finished building: default.size.stdout
 
15:24:43 **** Incremental Build of configuration Debug for project que2 ****
make -j12 all 
arm-none-eabi-gcc "../Src/main.c" -mcpu=cortex-m4 -std=gnu11 -g3 -DDEBUG -DSTM32 -DSTM32F407G_DISC1 -DSTM32F4 -DSTM32F407VGTx -c -I../Inc -O0 -ffunction-sections -fdata-sections -Wall -fstack-usage -fcyclomatic-complexity -MMD -MP -MF"Src/main.d" -MT"Src/main.o" --specs=nano.specs -mfpu=fpv4-sp-d16 -mfloat-abi=soft -mthumb -o "Src/main.o"
../Src/main.c: In function 'led_off':
../Src/main.c:24:15: error: called object is not a function or function pointer
   24 | #define BV(n) (1 << (n))
      |               ^
../Src/main.c:68:25: note: in expansion of macro 'BV'
   68 |         GPIOD->ODR &= ~(BV(13)  BV(15));
      |                         ^~
make: *** [Src/subdir.mk:31: Src/main.o] Error 1
"make -j12 all" terminated with exit code 2. Build might be incomplete.
15:25:29 **** Incremental Build of configuration Debug for project que2 ****
make -j12 all 
arm-none-eabi-gcc "../Src/main.c" -mcpu=cortex-m4 -std=gnu11 -g3 -DDEBUG -DSTM32 -DSTM32F407G_DISC1 -DSTM32F4 -DSTM32F407VGTx -c -I../Inc -O0 -ffunction-sections -fdata-sections -Wall -fstack-usage -fcyclomatic-complexity -MMD -MP -MF"Src/main.d" -MT"Src/main.o" --specs=nano.specs -mfpu=fpv4-sp-d16 -mfloat-abi=soft -mthumb -o "Src/main.o"
../Src/main.c: In function 'led_off':
../Src/main.c:24:15: error: called object is not a function or function pointer
   24 | #define BV(n) (1 << (n))
      |               ^
../Src/main.c:68:25: note: in expansion of macro 'BV'
   68 |         GPIOD->ODR &= ~(BV(13)  BV(15));
      |                         ^~
make: *** [Src/subdir.mk:31: Src/main.o] Error 1
"make -j12 all" terminated with exit code 2. Build might be incomplete.
15:25:30 **** Incremental Build of configuration Debug for project quetion1 ****
make -j12 all 
arm-none-eabi-size  quetion1.elf 
   text	   data	    bss	    dec	    hex	filename
   1040	      4	   1564	   2608	    a30	quetion1.elf
Finished building: default.size.stdout
 
15:25:39 **** Incremental Build of configuration Debug for project que2 ****
make -j12 all 
arm-none-eabi-gcc "../Src/main.c" -mcpu=cortex-m4 -std=gnu11 -g3 -DDEBUG -DSTM32 -DSTM32F407G_DISC1 -DSTM32F4 -DSTM32F407VGTx -c -I../Inc -O0 -ffunction-sections -fdata-sections -Wall -fstack-usage -fcyclomatic-complexity -MMD -MP -MF"Src/main.d" -MT"Src/main.o" --specs=nano.specs -mfpu=fpv4-sp-d16 -mfloat-abi=soft -mthumb -o "Src/main.o"
../Src/main.c: In function 'led_off':
../Src/main.c:24:15: error: called object is not a function or function pointer
   24 | #define BV(n) (1 << (n))
      |               ^
../Src/main.c:68:25: note: in expansion of macro 'BV'
   68 |         GPIOD->ODR &= ~(BV(13)  BV(15));
      |                         ^~
make: *** [Src/subdir.mk:31: Src/main.o] Error 1
"make -j12 all" terminated with exit code 2. Build might be incomplete.
15:26:15 **** Incremental Build of configuration Debug for project que2 ****
make -j12 all 
arm-none-eabi-gcc "../Src/main.c" -mcpu=cortex-m4 -std=gnu11 -g3 -DDEBUG -DSTM32 -DSTM32F407G_DISC1 -DSTM32F4 -DSTM32F407VGTx -c -I../Inc -O0 -ffunction-sections -fdata-sections -Wall -fstack-usage -fcyclomatic-complexity -MMD -MP -MF"Src/main.d" -MT"Src/main.o" --specs=nano.specs -mfpu=fpv4-sp-d16 -mfloat-abi=soft -mthumb -o "Src/main.o"
../Src/main.c: In function 'led_off':
../Src/main.c:24:15: error: called object is not a function or function pointer
   24 | #define BV(n) (1 << (n))
      |               ^
../Src/main.c:68:25: note: in expansion of macro 'BV'
   68 |         GPIOD->ODR &= ~(BV(13)  BV(15));
      |                         ^~
make: *** [Src/subdir.mk:31: Src/main.o] Error 1
"make -j12 all" terminated with exit code 2. Build might be incomplete.
15:26:16 **** Incremental Build of configuration Debug for project quetion1 ****
make -j12 all 
arm-none-eabi-size  quetion1.elf 
   text	   data	    bss	    dec	    hex	filename
   1040	      4	   1564	   2608	    a30	quetion1.elf
Finished building: default.size.stdout
 
15:27:19 **** Incremental Build of configuration Debug for project que2 ****
make -j12 all 
arm-none-eabi-gcc "../Src/main.c" -mcpu=cortex-m4 -std=gnu11 -g3 -DDEBUG -DSTM32 -DSTM32F407G_DISC1 -DSTM32F4 -DSTM32F407VGTx -c -I../Inc -O0 -ffunction-sections -fdata-sections -Wall -fstack-usage -fcyclomatic-complexity -MMD -MP -MF"Src/main.d" -MT"Src/main.o" --specs=nano.specs -mfpu=fpv4-sp-d16 -mfloat-abi=soft -mthumb -o "Src/main.o"
../Src/main.c: In function 'led_off':
../Src/main.c:24:15: error: called object is not a function or function pointer
   24 | #define BV(n) (1 << (n))
      |               ^
../Src/main.c:68:25: note: in expansion of macro 'BV'
   68 |         GPIOD->ODR &= ~(BV(13)  BV(15));
      |                         ^~
make: *** [Src/subdir.mk:31: Src/main.o] Error 1
"make -j12 all" terminated with exit code 2. Build might be incomplete.
15:27:20 **** Incremental Build of configuration Debug for project quetion1 ****
make -j12 all 
arm-none-eabi-size  quetion1.elf 
   text	   data	    bss	    dec	    hex	filename
   1040	      4	   1564	   2608	    a30	quetion1.elf
Finished building: default.size.stdout
 
15:27:38 **** Incremental Build of configuration Debug for project que2 ****
make -j12 all 
arm-none-eabi-gcc "../Src/main.c" -mcpu=cortex-m4 -std=gnu11 -g3 -DDEBUG -DSTM32 -DSTM32F407G_DISC1 -DSTM32F4 -DSTM32F407VGTx -c -I../Inc -O0 -ffunction-sections -fdata-sections -Wall -fstack-usage -fcyclomatic-complexity -MMD -MP -MF"Src/main.d" -MT"Src/main.o" --specs=nano.specs -mfpu=fpv4-sp-d16 -mfloat-abi=soft -mthumb -o "Src/main.o"
../Src/main.c: In function 'led_off':
../Src/main.c:24:15: error: called object is not a function or function pointer
   24 | #define BV(n) (1 << (n))
      |               ^
../Src/main.c:68:25: note: in expansion of macro 'BV'
   68 |         GPIOD->ODR &= ~(BV(13)  BV(15));
      |                         ^~
make: *** [Src/subdir.mk:31: Src/main.o] Error 1
"make -j12 all" terminated with exit code 2. Build might be incomplete.
15:28:29 **** Incremental Build of configuration Debug for project que2 ****
make -j12 all 
arm-none-eabi-gcc "../Src/main.c" -mcpu=cortex-m4 -std=gnu11 -g3 -DDEBUG -DSTM32 -DSTM32F407G_DISC1 -DSTM32F4 -DSTM32F407VGTx -c -I../Inc -O0 -ffunction-sections -fdata-sections -Wall -fstack-usage -fcyclomatic-complexity -MMD -MP -MF"Src/main.d" -MT"Src/main.o" --specs=nano.specs -mfpu=fpv4-sp-d16 -mfloat-abi=soft -mthumb -o "Src/main.o"
../Src/main.c: In function 'led_off':
../Src/main.c:24:15: error: called object is not a function or function pointer
   24 | #define BV(n) (1 << (n))
      |               ^
../Src/main.c:68:25: note: in expansion of macro 'BV'
   68 |         GPIOD->ODR &= ~(BV(13)  BV(15));
      |                         ^~
make: *** [Src/subdir.mk:31: Src/main.o] Error 1
"make -j12 all" terminated with exit code 2. Build might be incomplete.
15:28:30 **** Incremental Build of configuration Debug for project quetion1 ****
make -j12 all 
arm-none-eabi-size  quetion1.elf 
   text	   data	    bss	    dec	    hex	filename
   1040	      4	   1564	   2608	    a30	quetion1.elf
Finished building: default.size.stdout
 
15:28:42 **** Incremental Build of configuration Debug for project que2 ****
make -j12 all 
arm-none-eabi-gcc "../Src/main.c" -mcpu=cortex-m4 -std=gnu11 -g3 -DDEBUG -DSTM32 -DSTM32F407G_DISC1 -DSTM32F4 -DSTM32F407VGTx -c -I../Inc -O0 -ffunction-sections -fdata-sections -Wall -fstack-usage -fcyclomatic-complexity -MMD -MP -MF"Src/main.d" -MT"Src/main.o" --specs=nano.specs -mfpu=fpv4-sp-d16 -mfloat-abi=soft -mthumb -o "Src/main.o"
../Src/main.c: In function 'led_off':
../Src/main.c:24:15: error: called object is not a function or function pointer
   24 | #define BV(n) (1 << (n))
      |               ^
../Src/main.c:68:25: note: in expansion of macro 'BV'
   68 |         GPIOD->ODR &= ~(BV(13)  BV(15));
      |                         ^~
make: *** [Src/subdir.mk:31: Src/main.o] Error 1
"make -j12 all" terminated with exit code 2. Build might be incomplete.
15:28:49 **** Incremental Build of configuration Debug for project que2 ****
make -j12 all 
arm-none-eabi-gcc "../Src/main.c" -mcpu=cortex-m4 -std=gnu11 -g3 -DDEBUG -DSTM32 -DSTM32F407G_DISC1 -DSTM32F4 -DSTM32F407VGTx -c -I../Inc -O0 -ffunction-sections -fdata-sections -Wall -fstack-usage -fcyclomatic-complexity -MMD -MP -MF"Src/main.d" -MT"Src/main.o" --specs=nano.specs -mfpu=fpv4-sp-d16 -mfloat-abi=soft -mthumb -o "Src/main.o"
../Src/main.c: In function 'led_off':
../Src/main.c:24:15: error: called object is not a function or function pointer
   24 | #define BV(n) (1 << (n))
      |               ^
../Src/main.c:68:25: note: in expansion of macro 'BV'
   68 |         GPIOD->ODR &= ~(BV(13)  BV(15));
      |                         ^~
make: *** [Src/subdir.mk:31: Src/main.o] Error 1
"make -j12 all" terminated with exit code 2. Build might be incomplete.
15:29:03 **** Incremental Build of configuration Debug for project que2 ****
make -j12 all 
arm-none-eabi-gcc "../Src/main.c" -mcpu=cortex-m4 -std=gnu11 -g3 -DDEBUG -DSTM32 -DSTM32F407G_DISC1 -DSTM32F4 -DSTM32F407VGTx -c -I../Inc -O0 -ffunction-sections -fdata-sections -Wall -fstack-usage -fcyclomatic-complexity -MMD -MP -MF"Src/main.d" -MT"Src/main.o" --specs=nano.specs -mfpu=fpv4-sp-d16 -mfloat-abi=soft -mthumb -o "Src/main.o"
../Src/main.c: In function 'led_off':
../Src/main.c:24:15: error: called object is not a function or function pointer
   24 | #define BV(n) (1 << (n))
      |               ^
../Src/main.c:68:25: note: in expansion of macro 'BV'
   68 |         GPIOD->ODR &= ~(BV(13)  BV(15));
      |                         ^~
make: *** [Src/subdir.mk:31: Src/main.o] Error 1
"make -j12 all" terminated with exit code 2. Build might be incomplete.
15:29:04 **** Incremental Build of configuration Debug for project quetion1 ****
make -j12 all 
arm-none-eabi-size  quetion1.elf 
   text	   data	    bss	    dec	    hex	filename
   1040	      4	   1564	   2608	    a30	quetion1.elf
Finished building: default.size.stdout
 
15:29:08 **** Incremental Build of configuration Debug for project que2 ****
make -j12 all 
arm-none-eabi-gcc "../Src/main.c" -mcpu=cortex-m4 -std=gnu11 -g3 -DDEBUG -DSTM32 -DSTM32F407G_DISC1 -DSTM32F4 -DSTM32F407VGTx -c -I../Inc -O0 -ffunction-sections -fdata-sections -Wall -fstack-usage -fcyclomatic-complexity -MMD -MP -MF"Src/main.d" -MT"Src/main.o" --specs=nano.specs -mfpu=fpv4-sp-d16 -mfloat-abi=soft -mthumb -o "Src/main.o"
../Src/main.c: In function 'led_off':
../Src/main.c:24:15: error: called object is not a function or function pointer
   24 | #define BV(n) (1 << (n))
      |               ^
../Src/main.c:68:25: note: in expansion of macro 'BV'
   68 |         GPIOD->ODR &= ~(BV(13)  BV(15));
      |                         ^~
make: *** [Src/subdir.mk:31: Src/main.o] Error 1
"make -j12 all" terminated with exit code 2. Build might be incomplete.
15:32:24 **** Build of configuration Debug for project alternateledblink.c ****
make -j12 all 
arm-none-eabi-gcc -mcpu=cortex-m4 -g3 -DDEBUG -c -x assembler-with-cpp -MMD -MP -MF"Startup/startup_stm32f407vgtx.d" -MT"Startup/startup_stm32f407vgtx.o" --specs=nano.specs -mfpu=fpv4-sp-d16 -mfloat-abi=hard -mthumb -o "Startup/startup_stm32f407vgtx.o" "../Startup/startup_stm32f407vgtx.s"
arm-none-eabi-gcc "../Src/itm.c" -mcpu=cortex-m4 -std=gnu11 -g3 -DDEBUG -DSTM32 -DSTM32F407G_DISC1 -DSTM32F4 -DSTM32F407VGTx -c -I../Inc -O0 -ffunction-sections -fdata-sections -Wall -fstack-usage -fcyclomatic-complexity -MMD -MP -MF"Src/itm.d" -MT"Src/itm.o" --specs=nano.specs -mfpu=fpv4-sp-d16 -mfloat-abi=hard -mthumb -o "Src/itm.o"
arm-none-eabi-gcc "../Src/main.c" -mcpu=cortex-m4 -std=gnu11 -g3 -DDEBUG -DSTM32 -DSTM32F407G_DISC1 -DSTM32F4 -DSTM32F407VGTx -c -I../Inc -O0 -ffunction-sections -fdata-sections -Wall -fstack-usage -fcyclomatic-complexity -MMD -MP -MF"Src/main.d" -MT"Src/main.o" --specs=nano.specs -mfpu=fpv4-sp-d16 -mfloat-abi=hard -mthumb -o "Src/main.o"
arm-none-eabi-gcc "../Src/syscalls.c" -mcpu=cortex-m4 -std=gnu11 -g3 -DDEBUG -DSTM32 -DSTM32F407G_DISC1 -DSTM32F4 -DSTM32F407VGTx -c -I../Inc -O0 -ffunction-sections -fdata-sections -Wall -fstack-usage -fcyclomatic-complexity -MMD -MP -MF"Src/syscalls.d" -MT"Src/syscalls.o" --specs=nano.specs -mfpu=fpv4-sp-d16 -mfloat-abi=hard -mthumb -o "Src/syscalls.o"
arm-none-eabi-gcc "../Src/sysmem.c" -mcpu=cortex-m4 -std=gnu11 -g3 -DDEBUG -DSTM32 -DSTM32F407G_DISC1 -DSTM32F4 -DSTM32F407VGTx -c -I../Inc -O0 -ffunction-sections -fdata-sections -Wall -fstack-usage -fcyclomatic-complexity -MMD -MP -MF"Src/sysmem.d" -MT"Src/sysmem.o" --specs=nano.specs -mfpu=fpv4-sp-d16 -mfloat-abi=hard -mthumb -o "Src/sysmem.o"
arm-none-eabi-gcc "../Src/system_stm32f4xx.c" -mcpu=cortex-m4 -std=gnu11 -g3 -DDEBUG -DSTM32 -DSTM32F407G_DISC1 -DSTM32F4 -DSTM32F407VGTx -c -I../Inc -O0 -ffunction-sections -fdata-sections -Wall -fstack-usage -fcyclomatic-complexity -MMD -MP -MF"Src/system_stm32f4xx.d" -MT"Src/system_stm32f4xx.o" --specs=nano.specs -mfpu=fpv4-sp-d16 -mfloat-abi=hard -mthumb -o "Src/system_stm32f4xx.o"
../Src/main.c:27:4: warning: #warning "FPU is not initialized, but the project is compiling for an FPU. Please initialize the FPU before use." [-Wcpp]
   27 |   #warning "FPU is not initialized, but the project is compiling for an FPU. Please initialize the FPU before use."
      |    ^~~~~~~
arm-none-eabi-gcc -o "alternateledblink.c.elf" @"objects.list"   -mcpu=cortex-m4 -T"C:\Users\sanket mirage\OneDrive\Desktop\Intenshipdata\ARM_94088_SAKSHI\Assignment3\alternateledblink.c\STM32F407VGTX_FLASH.ld" --specs=nosys.specs -Wl,-Map="alternateledblink.c.map" -Wl,--gc-sections -static --specs=nano.specs -mfpu=fpv4-sp-d16 -mfloat-abi=hard -mthumb -Wl,--start-group -lc -lm -Wl,--end-group
Finished building target: alternateledblink.c.elf
 
arm-none-eabi-size  alternateledblink.c.elf 
arm-none-eabi-objdump -h -S alternateledblink.c.elf  > "alternateledblink.c.list"
   text	   data	    bss	    dec	    hex	filename
   1072	      4	   1564	   2640	    a50	alternateledblink.c.elf
Finished building: default.size.stdout
 
Finished building: alternateledblink.c.list
 
15:32:25 **** Incremental Build of configuration Debug for project que2 ****
make -j12 all 
arm-none-eabi-gcc "../Src/main.c" -mcpu=cortex-m4 -std=gnu11 -g3 -DDEBUG -DSTM32 -DSTM32F407G_DISC1 -DSTM32F4 -DSTM32F407VGTx -c -I../Inc -O0 -ffunction-sections -fdata-sections -Wall -fstack-usage -fcyclomatic-complexity -MMD -MP -MF"Src/main.d" -MT"Src/main.o" --specs=nano.specs -mfpu=fpv4-sp-d16 -mfloat-abi=soft -mthumb -o "Src/main.o"
../Src/main.c: In function 'led_off':
../Src/main.c:24:15: error: called object is not a function or function pointer
   24 | #define BV(n) (1 << (n))
      |               ^
../Src/main.c:68:25: note: in expansion of macro 'BV'
   68 |         GPIOD->ODR &= ~(BV(13)  BV(15));
      |                         ^~
make: *** [Src/subdir.mk:31: Src/main.o] Error 1
"make -j12 all" terminated with exit code 2. Build might be incomplete.
15:32:25 **** Incremental Build of configuration Debug for project quetion1 ****
make -j12 all 
arm-none-eabi-size  quetion1.elf 
   text	   data	    bss	    dec	    hex	filename
   1040	      4	   1564	   2608	    a30	quetion1.elf
Finished building: default.size.stdout
 
15:32:41 **** Incremental Build of configuration Debug for project alternateledblink.c ****
make -j12 all 
arm-none-eabi-size  alternateledblink.c.elf 
   text	   data	    bss	    dec	    hex	filename
   1072	      4	   1564	   2640	    a50	alternateledblink.c.elf
Finished building: default.size.stdout
 
15:33:04 **** Incremental Build of configuration Debug for project alternateledblink.c ****
make -j12 all 
arm-none-eabi-size  alternateledblink.c.elf 
   text	   data	    bss	    dec	    hex	filename
   1072	      4	   1564	   2640	    a50	alternateledblink.c.elf
Finished building: default.size.stdout
 
15:33:44 **** Incremental Build of configuration Debug for project alternateledblink.c ****
make -j12 all 
arm-none-eabi-size  alternateledblink.c.elf 
   text	   data	    bss	    dec	    hex	filename
   1072	      4	   1564	   2640	    a50	alternateledblink.c.elf
Finished building: default.size.stdout
 
15:33:45 **** Incremental Build of configuration Debug for project que2 ****
make -j12 all 
arm-none-eabi-gcc "../Src/main.c" -mcpu=cortex-m4 -std=gnu11 -g3 -DDEBUG -DSTM32 -DSTM32F407G_DISC1 -DSTM32F4 -DSTM32F407VGTx -c -I../Inc -O0 -ffunction-sections -fdata-sections -Wall -fstack-usage -fcyclomatic-complexity -MMD -MP -MF"Src/main.d" -MT"Src/main.o" --specs=nano.specs -mfpu=fpv4-sp-d16 -mfloat-abi=soft -mthumb -o "Src/main.o"
../Src/main.c: In function 'led_off':
../Src/main.c:24:15: error: called object is not a function or function pointer
   24 | #define BV(n) (1 << (n))
      |               ^
../Src/main.c:68:25: note: in expansion of macro 'BV'
   68 |         GPIOD->ODR &= ~(BV(13)  BV(15));
      |                         ^~
make: *** [Src/subdir.mk:31: Src/main.o] Error 1
"make -j12 all" terminated with exit code 2. Build might be incomplete.
15:33:45 **** Incremental Build of configuration Debug for project quetion1 ****
make -j12 all 
arm-none-eabi-size  quetion1.elf 
   text	   data	    bss	    dec	    hex	filename
   1040	      4	   1564	   2608	    a30	quetion1.elf
Finished building: default.size.stdout
 
15:34:07 **** Incremental Build of configuration Debug for project alternateledblink.c ****
make -j12 all 
arm-none-eabi-gcc -mcpu=cortex-m4 -g3 -DDEBUG -c -x assembler-with-cpp -MMD -MP -MF"Startup/startup_stm32f407vgtx.d" -MT"Startup/startup_stm32f407vgtx.o" --specs=nano.specs -mfpu=fpv4-sp-d16 -mfloat-abi=soft -mthumb -o "Startup/startup_stm32f407vgtx.o" "../Startup/startup_stm32f407vgtx.s"
arm-none-eabi-gcc "../Src/itm.c" -mcpu=cortex-m4 -std=gnu11 -g3 -DDEBUG -DSTM32 -DSTM32F407G_DISC1 -DSTM32F4 -DSTM32F407VGTx -c -I../Inc -O0 -ffunction-sections -fdata-sections -Wall -fstack-usage -fcyclomatic-complexity -MMD -MP -MF"Src/itm.d" -MT"Src/itm.o" --specs=nano.specs -mfpu=fpv4-sp-d16 -mfloat-abi=soft -mthumb -o "Src/itm.o"
arm-none-eabi-gcc "../Src/main.c" -mcpu=cortex-m4 -std=gnu11 -g3 -DDEBUG -DSTM32 -DSTM32F407G_DISC1 -DSTM32F4 -DSTM32F407VGTx -c -I../Inc -O0 -ffunction-sections -fdata-sections -Wall -fstack-usage -fcyclomatic-complexity -MMD -MP -MF"Src/main.d" -MT"Src/main.o" --specs=nano.specs -mfpu=fpv4-sp-d16 -mfloat-abi=soft -mthumb -o "Src/main.o"
arm-none-eabi-gcc "../Src/syscalls.c" -mcpu=cortex-m4 -std=gnu11 -g3 -DDEBUG -DSTM32 -DSTM32F407G_DISC1 -DSTM32F4 -DSTM32F407VGTx -c -I../Inc -O0 -ffunction-sections -fdata-sections -Wall -fstack-usage -fcyclomatic-complexity -MMD -MP -MF"Src/syscalls.d" -MT"Src/syscalls.o" --specs=nano.specs -mfpu=fpv4-sp-d16 -mfloat-abi=soft -mthumb -o "Src/syscalls.o"
arm-none-eabi-gcc "../Src/sysmem.c" -mcpu=cortex-m4 -std=gnu11 -g3 -DDEBUG -DSTM32 -DSTM32F407G_DISC1 -DSTM32F4 -DSTM32F407VGTx -c -I../Inc -O0 -ffunction-sections -fdata-sections -Wall -fstack-usage -fcyclomatic-complexity -MMD -MP -MF"Src/sysmem.d" -MT"Src/sysmem.o" --specs=nano.specs -mfpu=fpv4-sp-d16 -mfloat-abi=soft -mthumb -o "Src/sysmem.o"
arm-none-eabi-gcc "../Src/system_stm32f4xx.c" -mcpu=cortex-m4 -std=gnu11 -g3 -DDEBUG -DSTM32 -DSTM32F407G_DISC1 -DSTM32F4 -DSTM32F407VGTx -c -I../Inc -O0 -ffunction-sections -fdata-sections -Wall -fstack-usage -fcyclomatic-complexity -MMD -MP -MF"Src/system_stm32f4xx.d" -MT"Src/system_stm32f4xx.o" --specs=nano.specs -mfpu=fpv4-sp-d16 -mfloat-abi=soft -mthumb -o "Src/system_stm32f4xx.o"
arm-none-eabi-gcc -o "alternateledblink.c.elf" @"objects.list"   -mcpu=cortex-m4 -T"C:\Users\sanket mirage\OneDrive\Desktop\Intenshipdata\ARM_94088_SAKSHI\Assignment3\alternateledblink.c\STM32F407VGTX_FLASH.ld" --specs=nosys.specs -Wl,-Map="alternateledblink.c.map" -Wl,--gc-sections -static --specs=nano.specs -mfpu=fpv4-sp-d16 -mfloat-abi=soft -mthumb -Wl,--start-group -lc -lm -Wl,--end-group
Finished building target: alternateledblink.c.elf
 
arm-none-eabi-size  alternateledblink.c.elf 
arm-none-eabi-objdump -h -S alternateledblink.c.elf  > "alternateledblink.c.list"
   text	   data	    bss	    dec	    hex	filename
   1040	      4	   1564	   2608	    a30	alternateledblink.c.elf
Finished building: default.size.stdout
 
Finished building: alternateledblink.c.list
 
15:35:05 **** Incremental Build of configuration Debug for project alternateledblink.c ****
make -j12 all 
arm-none-eabi-size  alternateledblink.c.elf 
   text	   data	    bss	    dec	    hex	filename
   1040	      4	   1564	   2608	    a30	alternateledblink.c.elf
Finished building: default.size.stdout
 
15:35:23 **** Incremental Build of configuration Debug for project alternateledblink.c ****
make -j12 all 
arm-none-eabi-size  alternateledblink.c.elf 
   text	   data	    bss	    dec	    hex	filename
   1040	      4	   1564	   2608	    a30	alternateledblink.c.elf
Finished building: default.size.stdout
 
15:37:31 **** Incremental Build of configuration Debug for project alternateledblink.c ****
make -j12 all 
arm-none-eabi-gcc "../Src/main.c" -mcpu=cortex-m4 -std=gnu11 -g3 -DDEBUG -DSTM32 -DSTM32F407G_DISC1 -DSTM32F4 -DSTM32F407VGTx -c -I../Inc -O0 -ffunction-sections -fdata-sections -Wall -fstack-usage -fcyclomatic-complexity -MMD -MP -MF"Src/main.d" -MT"Src/main.o" --specs=nano.specs -mfpu=fpv4-sp-d16 -mfloat-abi=soft -mthumb -o "Src/main.o"
arm-none-eabi-gcc -o "alternateledblink.c.elf" @"objects.list"   -mcpu=cortex-m4 -T"C:\Users\sanket mirage\OneDrive\Desktop\Intenshipdata\ARM_94088_SAKSHI\Assignment3\alternateledblink.c\STM32F407VGTX_FLASH.ld" --specs=nosys.specs -Wl,-Map="alternateledblink.c.map" -Wl,--gc-sections -static --specs=nano.specs -mfpu=fpv4-sp-d16 -mfloat-abi=soft -mthumb -Wl,--start-group -lc -lm -Wl,--end-group
Finished building target: alternateledblink.c.elf
 
arm-none-eabi-size  alternateledblink.c.elf 
arm-none-eabi-objdump -h -S alternateledblink.c.elf  > "alternateledblink.c.list"
   text	   data	    bss	    dec	    hex	filename
   1040	      4	   1564	   2608	    a30	alternateledblink.c.elf
Finished building: default.size.stdout
 
Finished building: alternateledblink.c.list
 
15:37:31 **** Incremental Build of configuration Debug for project que2 ****
make -j12 all 
arm-none-eabi-gcc "../Src/main.c" -mcpu=cortex-m4 -std=gnu11 -g3 -DDEBUG -DSTM32 -DSTM32F407G_DISC1 -DSTM32F4 -DSTM32F407VGTx -c -I../Inc -O0 -ffunction-sections -fdata-sections -Wall -fstack-usage -fcyclomatic-complexity -MMD -MP -MF"Src/main.d" -MT"Src/main.o" --specs=nano.specs -mfpu=fpv4-sp-d16 -mfloat-abi=soft -mthumb -o "Src/main.o"
../Src/main.c: In function 'led_off':
../Src/main.c:24:15: error: called object is not a function or function pointer
   24 | #define BV(n) (1 << (n))
      |               ^
../Src/main.c:68:25: note: in expansion of macro 'BV'
   68 |         GPIOD->ODR &= ~(BV(13)  BV(15));
      |                         ^~
make: *** [Src/subdir.mk:31: Src/main.o] Error 1
"make -j12 all" terminated with exit code 2. Build might be incomplete.
15:37:32 **** Incremental Build of configuration Debug for project quetion1 ****
make -j12 all 
arm-none-eabi-size  quetion1.elf 
   text	   data	    bss	    dec	    hex	filename
   1040	      4	   1564	   2608	    a30	quetion1.elf
Finished building: default.size.stdout
 
15:37:38 **** Incremental Build of configuration Debug for project alternateledblink.c ****
make -j12 all 
arm-none-eabi-size  alternateledblink.c.elf 
   text	   data	    bss	    dec	    hex	filename
   1040	      4	   1564	   2608	    a30	alternateledblink.c.elf
Finished building: default.size.stdout
 
15:37:54 **** Incremental Build of configuration Debug for project alternateledblink.c ****
make -j12 all 
arm-none-eabi-size  alternateledblink.c.elf 
   text	   data	    bss	    dec	    hex	filename
   1040	      4	   1564	   2608	    a30	alternateledblink.c.elf
Finished building: default.size.stdout
 
15:39:30 **** Incremental Build of configuration Debug for project alternateledblink.c ****
make -j12 all 
arm-none-eabi-gcc "../Src/main.c" -mcpu=cortex-m4 -std=gnu11 -g3 -DDEBUG -DSTM32 -DSTM32F407G_DISC1 -DSTM32F4 -DSTM32F407VGTx -c -I../Inc -O0 -ffunction-sections -fdata-sections -Wall -fstack-usage -fcyclomatic-complexity -MMD -MP -MF"Src/main.d" -MT"Src/main.o" --specs=nano.specs -mfpu=fpv4-sp-d16 -mfloat-abi=soft -mthumb -o "Src/main.o"
arm-none-eabi-gcc -o "alternateledblink.c.elf" @"objects.list"   -mcpu=cortex-m4 -T"C:\Users\sanket mirage\OneDrive\Desktop\Intenshipdata\ARM_94088_SAKSHI\Assignment3\alternateledblink.c\STM32F407VGTX_FLASH.ld" --specs=nosys.specs -Wl,-Map="alternateledblink.c.map" -Wl,--gc-sections -static --specs=nano.specs -mfpu=fpv4-sp-d16 -mfloat-abi=soft -mthumb -Wl,--start-group -lc -lm -Wl,--end-group
Finished building target: alternateledblink.c.elf
 
arm-none-eabi-size  alternateledblink.c.elf 
arm-none-eabi-objdump -h -S alternateledblink.c.elf  > "alternateledblink.c.list"
   text	   data	    bss	    dec	    hex	filename
   1040	      4	   1564	   2608	    a30	alternateledblink.c.elf
Finished building: default.size.stdout
 
Finished building: alternateledblink.c.list
 
15:39:30 **** Incremental Build of configuration Debug for project que2 ****
make -j12 all 
arm-none-eabi-gcc "../Src/main.c" -mcpu=cortex-m4 -std=gnu11 -g3 -DDEBUG -DSTM32 -DSTM32F407G_DISC1 -DSTM32F4 -DSTM32F407VGTx -c -I../Inc -O0 -ffunction-sections -fdata-sections -Wall -fstack-usage -fcyclomatic-complexity -MMD -MP -MF"Src/main.d" -MT"Src/main.o" --specs=nano.specs -mfpu=fpv4-sp-d16 -mfloat-abi=soft -mthumb -o "Src/main.o"
../Src/main.c: In function 'led_off':
../Src/main.c:24:15: error: called object is not a function or function pointer
   24 | #define BV(n) (1 << (n))
      |               ^
../Src/main.c:68:25: note: in expansion of macro 'BV'
   68 |         GPIOD->ODR &= ~(BV(13)  BV(15));
      |                         ^~
make: *** [Src/subdir.mk:31: Src/main.o] Error 1
"make -j12 all" terminated with exit code 2. Build might be incomplete.
15:39:31 **** Incremental Build of configuration Debug for project quetion1 ****
make -j12 all 
arm-none-eabi-size  quetion1.elf 
   text	   data	    bss	    dec	    hex	filename
   1040	      4	   1564	   2608	    a30	quetion1.elf
Finished building: default.size.stdout
 
15:39:36 **** Incremental Build of configuration Debug for project alternateledblink.c ****
make -j12 all 
arm-none-eabi-size  alternateledblink.c.elf 
   text	   data	    bss	    dec	    hex	filename
   1040	      4	   1564	   2608	    a30	alternateledblink.c.elf
Finished building: default.size.stdout
 
15:39:54 **** Incremental Build of configuration Debug for project alternateledblink.c ****
make -j12 all 
arm-none-eabi-size  alternateledblink.c.elf 
   text	   data	    bss	    dec	    hex	filename
   1040	      4	   1564	   2608	    a30	alternateledblink.c.elf
Finished building: default.size.stdout
 
15:44:14 **** Incremental Build of configuration Debug for project alternateledblink.c ****
make -j12 all 
arm-none-eabi-gcc "../Src/main.c" -mcpu=cortex-m4 -std=gnu11 -g3 -DDEBUG -DSTM32 -DSTM32F407G_DISC1 -DSTM32F4 -DSTM32F407VGTx -c -I../Inc -O0 -ffunction-sections -fdata-sections -Wall -fstack-usage -fcyclomatic-complexity -MMD -MP -MF"Src/main.d" -MT"Src/main.o" --specs=nano.specs -mfpu=fpv4-sp-d16 -mfloat-abi=soft -mthumb -o "Src/main.o"
arm-none-eabi-gcc -o "alternateledblink.c.elf" @"objects.list"   -mcpu=cortex-m4 -T"C:\Users\sanket mirage\OneDrive\Desktop\Intenshipdata\ARM_94088_SAKSHI\Assignment3\alternateledblink.c\STM32F407VGTX_FLASH.ld" --specs=nosys.specs -Wl,-Map="alternateledblink.c.map" -Wl,--gc-sections -static --specs=nano.specs -mfpu=fpv4-sp-d16 -mfloat-abi=soft -mthumb -Wl,--start-group -lc -lm -Wl,--end-group
Finished building target: alternateledblink.c.elf
 
arm-none-eabi-size  alternateledblink.c.elf 
arm-none-eabi-objdump -h -S alternateledblink.c.elf  > "alternateledblink.c.list"
   text	   data	    bss	    dec	    hex	filename
   1064	      4	   1564	   2632	    a48	alternateledblink.c.elf
Finished building: default.size.stdout
 
Finished building: alternateledblink.c.list
 
15:44:15 **** Incremental Build of configuration Debug for project que2 ****
make -j12 all 
arm-none-eabi-gcc "../Src/main.c" -mcpu=cortex-m4 -std=gnu11 -g3 -DDEBUG -DSTM32 -DSTM32F407G_DISC1 -DSTM32F4 -DSTM32F407VGTx -c -I../Inc -O0 -ffunction-sections -fdata-sections -Wall -fstack-usage -fcyclomatic-complexity -MMD -MP -MF"Src/main.d" -MT"Src/main.o" --specs=nano.specs -mfpu=fpv4-sp-d16 -mfloat-abi=soft -mthumb -o "Src/main.o"
../Src/main.c: In function 'led_off':
../Src/main.c:24:15: error: called object is not a function or function pointer
   24 | #define BV(n) (1 << (n))
      |               ^
../Src/main.c:68:25: note: in expansion of macro 'BV'
   68 |         GPIOD->ODR &= ~(BV(13)  BV(15));
      |                         ^~
make: *** [Src/subdir.mk:31: Src/main.o] Error 1
"make -j12 all" terminated with exit code 2. Build might be incomplete.
15:44:15 **** Incremental Build of configuration Debug for project quetion1 ****
make -j12 all 
arm-none-eabi-size  quetion1.elf 
   text	   data	    bss	    dec	    hex	filename
   1040	      4	   1564	   2608	    a30	quetion1.elf
Finished building: default.size.stdout
 
15:44:18 **** Incremental Build of configuration Debug for project alternateledblink.c ****
make -j12 all 
arm-none-eabi-size  alternateledblink.c.elf 
   text	   data	    bss	    dec	    hex	filename
   1064	      4	   1564	   2632	    a48	alternateledblink.c.elf
Finished building: default.size.stdout
 
15:44:19 **** Incremental Build of configuration Debug for project que2 ****
make -j12 all 
arm-none-eabi-gcc "../Src/main.c" -mcpu=cortex-m4 -std=gnu11 -g3 -DDEBUG -DSTM32 -DSTM32F407G_DISC1 -DSTM32F4 -DSTM32F407VGTx -c -I../Inc -O0 -ffunction-sections -fdata-sections -Wall -fstack-usage -fcyclomatic-complexity -MMD -MP -MF"Src/main.d" -MT"Src/main.o" --specs=nano.specs -mfpu=fpv4-sp-d16 -mfloat-abi=soft -mthumb -o "Src/main.o"
../Src/main.c: In function 'led_off':
../Src/main.c:24:15: error: called object is not a function or function pointer
   24 | #define BV(n) (1 << (n))
      |               ^
../Src/main.c:68:25: note: in expansion of macro 'BV'
   68 |         GPIOD->ODR &= ~(BV(13)  BV(15));
      |                         ^~
make: *** [Src/subdir.mk:31: Src/main.o] Error 1
"make -j12 all" terminated with exit code 2. Build might be incomplete.
15:44:19 **** Incremental Build of configuration Debug for project quetion1 ****
make -j12 all 
arm-none-eabi-size  quetion1.elf 
   text	   data	    bss	    dec	    hex	filename
   1040	      4	   1564	   2608	    a30	quetion1.elf
Finished building: default.size.stdout
 
15:44:24 **** Incremental Build of configuration Debug for project alternateledblink.c ****
make -j12 all 
arm-none-eabi-size  alternateledblink.c.elf 
   text	   data	    bss	    dec	    hex	filename
   1064	      4	   1564	   2632	    a48	alternateledblink.c.elf
Finished building: default.size.stdout
 
15:44:39 **** Incremental Build of configuration Debug for project alternateledblink.c ****
make -j12 all 
arm-none-eabi-size  alternateledblink.c.elf 
   text	   data	    bss	    dec	    hex	filename
   1064	      4	   1564	   2632	    a48	alternateledblink.c.elf
Finished building: default.size.stdout
 
15:46:02 **** Incremental Build of configuration Debug for project alternateledblink.c ****
make -j12 all 
arm-none-eabi-size  alternateledblink.c.elf 
   text	   data	    bss	    dec	    hex	filename
   1064	      4	   1564	   2632	    a48	alternateledblink.c.elf
Finished building: default.size.stdout
 
15:46:02 **** Incremental Build of configuration Debug for project que2 ****
make -j12 all 
arm-none-eabi-gcc "../Src/main.c" -mcpu=cortex-m4 -std=gnu11 -g3 -DDEBUG -DSTM32 -DSTM32F407G_DISC1 -DSTM32F4 -DSTM32F407VGTx -c -I../Inc -O0 -ffunction-sections -fdata-sections -Wall -fstack-usage -fcyclomatic-complexity -MMD -MP -MF"Src/main.d" -MT"Src/main.o" --specs=nano.specs -mfpu=fpv4-sp-d16 -mfloat-abi=soft -mthumb -o "Src/main.o"
../Src/main.c: In function 'led_off':
../Src/main.c:24:15: error: called object is not a function or function pointer
   24 | #define BV(n) (1 << (n))
      |               ^
../Src/main.c:68:25: note: in expansion of macro 'BV'
   68 |         GPIOD->ODR &= ~(BV(13)  BV(15));
      |                         ^~
make: *** [Src/subdir.mk:31: Src/main.o] Error 1
"make -j12 all" terminated with exit code 2. Build might be incomplete.
15:46:03 **** Incremental Build of configuration Debug for project quetion1 ****
make -j12 all 
arm-none-eabi-size  quetion1.elf 
   text	   data	    bss	    dec	    hex	filename
   1040	      4	   1564	   2608	    a30	quetion1.elf
Finished building: default.size.stdout
 
15:46:08 **** Incremental Build of configuration Debug for project alternateledblink.c ****
make -j12 all 
arm-none-eabi-size  alternateledblink.c.elf 
   text	   data	    bss	    dec	    hex	filename
   1064	      4	   1564	   2632	    a48	alternateledblink.c.elf
Finished building: default.size.stdout
 
15:46:22 **** Incremental Build of configuration Debug for project alternateledblink.c ****
make -j12 all 
arm-none-eabi-size  alternateledblink.c.elf 
   text	   data	    bss	    dec	    hex	filename
   1064	      4	   1564	   2632	    a48	alternateledblink.c.elf
Finished building: default.size.stdout
 
15:50:16 **** Incremental Build of configuration Debug for project alternateledblink.c ****
make -j12 all 
arm-none-eabi-gcc "../Src/main.c" -mcpu=cortex-m4 -std=gnu11 -g3 -DDEBUG -DSTM32 -DSTM32F407G_DISC1 -DSTM32F4 -DSTM32F407VGTx -c -I../Inc -O0 -ffunction-sections -fdata-sections -Wall -fstack-usage -fcyclomatic-complexity -MMD -MP -MF"Src/main.d" -MT"Src/main.o" --specs=nano.specs -mfpu=fpv4-sp-d16 -mfloat-abi=soft -mthumb -o "Src/main.o"
arm-none-eabi-gcc -o "alternateledblink.c.elf" @"objects.list"   -mcpu=cortex-m4 -T"C:\Users\sanket mirage\OneDrive\Desktop\Intenshipdata\ARM_94088_SAKSHI\Assignment3\alternateledblink.c\STM32F407VGTX_FLASH.ld" --specs=nosys.specs -Wl,-Map="alternateledblink.c.map" -Wl,--gc-sections -static --specs=nano.specs -mfpu=fpv4-sp-d16 -mfloat-abi=soft -mthumb -Wl,--start-group -lc -lm -Wl,--end-group
Finished building target: alternateledblink.c.elf
 
arm-none-eabi-size  alternateledblink.c.elf 
arm-none-eabi-objdump -h -S alternateledblink.c.elf  > "alternateledblink.c.list"
   text	   data	    bss	    dec	    hex	filename
   1088	      4	   1564	   2656	    a60	alternateledblink.c.elf
Finished building: default.size.stdout
 
Finished building: alternateledblink.c.list
 
15:50:17 **** Incremental Build of configuration Debug for project que2 ****
make -j12 all 
arm-none-eabi-gcc "../Src/main.c" -mcpu=cortex-m4 -std=gnu11 -g3 -DDEBUG -DSTM32 -DSTM32F407G_DISC1 -DSTM32F4 -DSTM32F407VGTx -c -I../Inc -O0 -ffunction-sections -fdata-sections -Wall -fstack-usage -fcyclomatic-complexity -MMD -MP -MF"Src/main.d" -MT"Src/main.o" --specs=nano.specs -mfpu=fpv4-sp-d16 -mfloat-abi=soft -mthumb -o "Src/main.o"
../Src/main.c: In function 'led_off':
../Src/main.c:24:15: error: called object is not a function or function pointer
   24 | #define BV(n) (1 << (n))
      |               ^
../Src/main.c:68:25: note: in expansion of macro 'BV'
   68 |         GPIOD->ODR &= ~(BV(13)  BV(15));
      |                         ^~
make: *** [Src/subdir.mk:31: Src/main.o] Error 1
"make -j12 all" terminated with exit code 2. Build might be incomplete.
15:50:17 **** Incremental Build of configuration Debug for project quetion1 ****
make -j12 all 
arm-none-eabi-size  quetion1.elf 
   text	   data	    bss	    dec	    hex	filename
   1040	      4	   1564	   2608	    a30	quetion1.elf
Finished building: default.size.stdout
 
15:50:59 **** Incremental Build of configuration Debug for project alternateledblink.c ****
make -j12 all 
arm-none-eabi-size  alternateledblink.c.elf 
   text	   data	    bss	    dec	    hex	filename
   1088	      4	   1564	   2656	    a60	alternateledblink.c.elf
Finished building: default.size.stdout
 
15:51:16 **** Incremental Build of configuration Debug for project alternateledblink.c ****
make -j12 all 
arm-none-eabi-size  alternateledblink.c.elf 
   text	   data	    bss	    dec	    hex	filename
   1088	      4	   1564	   2656	    a60	alternateledblink.c.elf
Finished building: default.size.stdout
 
