15:02:39 **** Incremental Build of configuration Debug for project que1.c ****
make -j12 all 
arm-none-eabi-gcc -o "que1.c.elf" @"objects.list"   -mcpu=cortex-m4 -T"C:\Users\sanket mirage\OneDrive\Desktop\Intenshipdata\ARM_94088_SAKSHI\Assignment3\que1.c\STM32F407VGTX_FLASH.ld" --specs=nosys.specs -Wl,-Map="que1.c.map" -Wl,--gc-sections -static --specs=nano.specs -mfpu=fpv4-sp-d16 -mfloat-abi=hard -mthumb -Wl,--start-group -lc -lm -Wl,--end-group
C:/ST/STM32CubeIDE_1.19.0/STM32CubeIDE/plugins/com.st.stm32cube.ide.mcu.externaltools.gnu-tools-for-stm32.13.3.rel1.win32_1.0.0.202411081344/tools/bin/../lib/gcc/arm-none-eabi/13.3.1/../../../../arm-none-eabi/bin/ld.exe: ./Src/main.o: in function `DelayMs':
C:/Users/sanket mirage/OneDrive/Desktop/Intenshipdata/ARM_94088_SAKSHI/Assignment3/que1.c/Debug/../Inc/system_stm32f4xx.h:133:(.text.DelayMs+0x48): undefined reference to `SystemCoreClock'
collect2.exe: error: ld returned 1 exit status
make: *** [makefile:63: que1.c.elf] Error 1
"make -j12 all" terminated with exit code 2. Build might be incomplete.

15:02:39 Build Failed. 2 errors, 0 warnings. (took 317ms)

